[2022-05-21T14:26:11.543Z] Validating found git in: git
[2022-05-21T14:26:11.582Z] Using git 2.31.1 from git
[2022-05-21T14:26:11.621Z] > git rev-parse --show-toplevel [29ms]
[2022-05-21T14:26:11.622Z] fatal: not a git repository (or any of the parent directories): .git
[2022-05-21T14:26:11.648Z] > git rev-parse --show-toplevel [19ms]
[2022-05-21T14:26:11.648Z] fatal: not a git repository (or any of the parent directories): .git
[2022-05-21T14:26:11.654Z] > git rev-parse --show-toplevel [2ms]
[2022-05-21T14:26:11.654Z] fatal: not a git repository (or any of the parent directories): .git
[2022-05-21T14:26:11.659Z] > git rev-parse --show-toplevel [1ms]
[2022-05-21T14:26:11.659Z] fatal: not a git repository (or any of the parent directories): .git
[2022-05-21T14:26:11.664Z] > git rev-parse --show-toplevel [2ms]
[2022-05-21T14:26:11.664Z] fatal: not a git repository (or any of the parent directories): .git
[2022-05-21T14:26:11.670Z] > git rev-parse --show-toplevel [3ms]
[2022-05-21T14:26:11.670Z] fatal: not a git repository (or any of the parent directories): .git
[2022-05-21T14:26:11.677Z] > git rev-parse --show-toplevel [3ms]
[2022-05-21T14:26:11.677Z] fatal: not a git repository (or any of the parent directories): .git
[2022-05-21T14:26:11.683Z] > git rev-parse --show-toplevel [3ms]
[2022-05-21T14:26:11.683Z] fatal: not a git repository (or any of the parent directories): .git
[2022-05-21T14:26:11.695Z] > git rev-parse --show-toplevel [8ms]
[2022-05-21T14:26:11.701Z] > git rev-parse --git-dir --git-common-dir [1ms]
[2022-05-21T14:26:11.709Z] Open repository: /home/ec2-user/k8s_lesson2
[2022-05-21T14:26:11.718Z] > git status -z -uall [2ms]
[2022-05-21T14:26:11.723Z] > git symbolic-ref --short HEAD [1ms]
[2022-05-21T14:26:11.730Z] > git for-each-ref --format=%(refname)%00%(upstream:short)%00%(objectname)%00%(upstream:track)%00%(upstream:remotename)%00%(upstream:remoteref) refs/heads/main refs/remotes/main [1ms]
[2022-05-21T14:26:11.740Z] > git remote --verbose [1ms]
[2022-05-21T14:26:11.741Z] > git for-each-ref --sort -committerdate --format %(refname) %(objectname) %(*objectname) [7ms]
[2022-05-21T14:26:11.749Z] > git config --get commit.template [1ms]
[2022-05-21T14:26:12.579Z] > git check-ignore -v -z --stdin [2ms]
[2022-05-21T14:26:13.793Z] > git rev-parse --show-toplevel [2ms]
[2022-05-21T14:26:13.793Z] fatal: not a git repository (or any of the parent directories): .git
[2022-05-21T14:26:13.822Z] > git rev-parse --show-toplevel [1ms]
[2022-05-21T14:26:13.822Z] fatal: not a git repository (or any of the parent directories): .git
[2022-05-21T14:26:13.827Z] > git rev-parse --show-toplevel [1ms]
[2022-05-21T14:26:13.827Z] fatal: not a git repository (or any of the parent directories): .git
[2022-05-21T14:40:38.121Z] > git rev-parse --show-toplevel [1ms]
[2022-05-21T14:40:38.121Z] fatal: not a git repository (or any of the parent directories): .git
[2022-05-21T14:40:42.076Z] > git rev-parse --show-toplevel [2ms]
[2022-05-21T14:40:42.076Z] fatal: not a git repository (or any of the parent directories): .git
[2022-05-21T14:40:47.006Z] > git rev-parse --show-toplevel [2ms]
[2022-05-21T14:40:47.006Z] fatal: not a git repository (or any of the parent directories): .git
[2022-05-21T14:41:24.801Z] > git rev-parse --show-toplevel [2ms]
[2022-05-21T14:41:24.801Z] fatal: not a git repository (or any of the parent directories): .git
[2022-05-21T14:42:41.256Z] > git rev-parse --show-toplevel [1ms]
[2022-05-21T14:42:41.256Z] fatal: not a git repository (or any of the parent directories): .git
[2022-05-21T14:42:57.182Z] > git rev-parse --show-toplevel [1ms]
[2022-05-21T14:42:57.182Z] fatal: not a git repository (or any of the parent directories): .git
[2022-05-21T14:43:26.607Z] > git rev-parse --show-toplevel [2ms]
[2022-05-21T14:43:26.607Z] fatal: not a git repository (or any of the parent directories): .git
[2022-05-21T14:45:10.887Z] > git rev-parse --show-toplevel [2ms]
[2022-05-21T14:45:10.887Z] fatal: not a git repository (or any of the parent directories): .git
[2022-05-21T14:45:20.451Z] > git rev-parse --show-toplevel [1ms]
[2022-05-21T14:45:20.451Z] fatal: not a git repository (or any of the parent directories): .git
[2022-05-21T14:46:43.852Z] > git rev-parse --show-toplevel [1ms]
[2022-05-21T14:46:43.852Z] fatal: not a git repository (or any of the parent directories): .git
[2022-05-21T14:46:46.902Z] > git rev-parse --show-toplevel [2ms]
[2022-05-21T14:46:46.902Z] fatal: not a git repository (or any of the parent directories): .git
[2022-05-21T14:47:39.419Z] > git rev-parse --show-toplevel [2ms]
[2022-05-21T14:47:39.419Z] fatal: not a git repository (or any of the parent directories): .git
[2022-05-21T15:10:41.693Z] > git check-ignore -v -z --stdin [2ms]
[2022-05-21T15:10:45.679Z] > git show --textconv :mongo-secret.yaml [5ms]
[2022-05-21T15:10:45.680Z] > git ls-files --stage -- /home/ec2-user/k8s_lesson2/mongo-secret.yaml [2ms]
[2022-05-21T15:10:45.685Z] > git cat-file -s 2602770f29bb101666e3b036dace799a8a68b365 [1ms]
[2022-05-21T17:55:10.462Z] > git rev-parse --show-toplevel [2ms]
[2022-05-21T17:55:10.462Z] fatal: not a git repository (or any of the parent directories): .git
[2022-05-21T18:32:58.776Z] > git rev-parse --show-toplevel [2ms]
[2022-05-21T18:32:58.776Z] fatal: not a git repository (or any of the parent directories): .git
[2022-05-21T18:32:58.793Z] > git rev-parse --show-toplevel [1ms]
[2022-05-21T18:32:58.793Z] fatal: not a git repository (or any of the parent directories): .git
