[2022-05-21T11:33:31.743Z] Validating found git in: git
[2022-05-21T11:33:31.784Z] Using git 2.31.1 from git
[2022-05-21T11:33:31.825Z] > git rev-parse --show-toplevel [31ms]
[2022-05-21T11:33:31.825Z] fatal: not a git repository (or any of the parent directories): .git
[2022-05-21T11:33:31.852Z] > git rev-parse --show-toplevel [19ms]
[2022-05-21T11:33:31.852Z] fatal: not a git repository (or any of the parent directories): .git
[2022-05-21T11:33:31.859Z] > git rev-parse --show-toplevel [2ms]
[2022-05-21T11:33:31.859Z] fatal: not a git repository (or any of the parent directories): .git
[2022-05-21T11:33:31.866Z] > git rev-parse --show-toplevel [1ms]
[2022-05-21T11:33:31.866Z] fatal: not a git repository (or any of the parent directories): .git
[2022-05-21T11:33:31.876Z] > git rev-parse --show-toplevel [7ms]
[2022-05-21T11:33:31.876Z] fatal: not a git repository (or any of the parent directories): .git
[2022-05-21T11:33:31.885Z] > git rev-parse --show-toplevel [5ms]
[2022-05-21T11:33:31.885Z] fatal: not a git repository (or any of the parent directories): .git
[2022-05-21T11:33:31.892Z] > git rev-parse --show-toplevel [4ms]
[2022-05-21T11:33:31.899Z] > git rev-parse --git-dir --git-common-dir [3ms]
[2022-05-21T11:33:31.908Z] Open repository: /home/ec2-user/k8s_lesson2
[2022-05-21T11:33:31.940Z] > git status -z -uall [24ms]
[2022-05-21T11:33:31.947Z] > git symbolic-ref --short HEAD [2ms]
[2022-05-21T11:33:31.953Z] > git for-each-ref --format=%(refname)%00%(upstream:short)%00%(objectname)%00%(upstream:track)%00%(upstream:remotename)%00%(upstream:remoteref) refs/heads/main refs/remotes/main [2ms]
[2022-05-21T11:33:31.962Z] > git for-each-ref --sort -committerdate --format %(refname) %(objectname) %(*objectname) [5ms]
[2022-05-21T11:33:31.963Z] > git remote --verbose [3ms]
[2022-05-21T11:33:31.971Z] > git config --get commit.template [1ms]
[2022-05-21T11:33:32.453Z] > git check-ignore -v -z --stdin [1ms]
[2022-05-21T11:33:32.736Z] > git rev-parse --show-toplevel [1ms]
[2022-05-21T11:33:32.736Z] fatal: not a git repository (or any of the parent directories): .git
[2022-05-21T11:33:32.774Z] > git rev-parse --show-toplevel [2ms]
[2022-05-21T11:33:32.774Z] fatal: not a git repository (or any of the parent directories): .git
[2022-05-21T11:33:32.779Z] > git rev-parse --show-toplevel [1ms]
[2022-05-21T11:33:32.779Z] fatal: not a git repository (or any of the parent directories): .git
[2022-05-21T11:34:23.686Z] > git rev-parse --show-toplevel [2ms]
[2022-05-21T11:34:23.686Z] fatal: not a git repository (or any of the parent directories): .git
[2022-05-21T11:34:30.111Z] > git rev-parse --show-toplevel [2ms]
[2022-05-21T11:34:30.111Z] fatal: not a git repository (or any of the parent directories): .git
[2022-05-21T11:34:49.652Z] > git rev-parse --show-toplevel [2ms]
[2022-05-21T11:34:49.652Z] fatal: not a git repository (or any of the parent directories): .git
[2022-05-21T11:34:56.511Z] > git rev-parse --show-toplevel [2ms]
[2022-05-21T11:34:56.511Z] fatal: not a git repository (or any of the parent directories): .git
[2022-05-21T11:35:03.761Z] > git rev-parse --show-toplevel [1ms]
[2022-05-21T11:35:03.761Z] fatal: not a git repository (or any of the parent directories): .git
[2022-05-21T11:42:04.706Z] > git rev-parse --show-toplevel [2ms]
[2022-05-21T11:42:04.706Z] fatal: not a git repository (or any of the parent directories): .git
[2022-05-21T11:57:06.831Z] > git rev-parse --show-toplevel [2ms]
[2022-05-21T11:57:06.831Z] fatal: not a git repository (or any of the parent directories): .git
[2022-05-21T12:25:40.192Z] > git rev-parse --show-toplevel [1ms]
[2022-05-21T12:25:40.192Z] fatal: not a git repository (or any of the parent directories): .git
[2022-05-21T12:33:03.956Z] > git rev-parse --show-toplevel [1ms]
[2022-05-21T12:33:03.956Z] fatal: not a git repository (or any of the parent directories): .git
[2022-05-21T12:33:09.245Z] > git rev-parse --show-toplevel [1ms]
[2022-05-21T12:33:09.245Z] fatal: not a git repository (or any of the parent directories): .git
[2022-05-21T12:33:16.961Z] > git rev-parse --show-toplevel [1ms]
[2022-05-21T12:33:16.961Z] fatal: not a git repository (or any of the parent directories): .git
[2022-05-21T12:33:19.406Z] > git rev-parse --show-toplevel [1ms]
[2022-05-21T12:33:19.406Z] fatal: not a git repository (or any of the parent directories): .git
[2022-05-21T12:33:27.836Z] > git rev-parse --show-toplevel [2ms]
[2022-05-21T12:33:27.836Z] fatal: not a git repository (or any of the parent directories): .git
[2022-05-21T12:33:35.146Z] > git rev-parse --show-toplevel [1ms]
[2022-05-21T12:33:35.146Z] fatal: not a git repository (or any of the parent directories): .git
[2022-05-21T12:33:37.857Z] > git rev-parse --show-toplevel [2ms]
[2022-05-21T12:33:37.857Z] fatal: not a git repository (or any of the parent directories): .git
[2022-05-21T12:33:39.571Z] > git rev-parse --show-toplevel [1ms]
[2022-05-21T12:33:39.571Z] fatal: not a git repository (or any of the parent directories): .git
[2022-05-21T12:36:26.342Z] > git rev-parse --show-toplevel [2ms]
[2022-05-21T12:36:26.342Z] fatal: not a git repository (or any of the parent directories): .git
[2022-05-21T13:24:34.971Z] > git rev-parse --show-toplevel [1ms]
[2022-05-21T13:24:34.971Z] fatal: not a git repository (or any of the parent directories): .git
[2022-05-21T13:25:34.481Z] > git rev-parse --show-toplevel [2ms]
[2022-05-21T13:25:34.481Z] fatal: not a git repository (or any of the parent directories): .git
[2022-05-21T13:25:36.147Z] > git rev-parse --show-toplevel [2ms]
[2022-05-21T13:25:36.147Z] fatal: not a git repository (or any of the parent directories): .git
[2022-05-21T13:25:41.491Z] > git rev-parse --show-toplevel [2ms]
[2022-05-21T13:25:41.491Z] fatal: not a git repository (or any of the parent directories): .git
[2022-05-21T13:25:47.726Z] > git rev-parse --show-toplevel [2ms]
[2022-05-21T13:25:47.726Z] fatal: not a git repository (or any of the parent directories): .git
[2022-05-21T13:28:22.121Z] > git rev-parse --show-toplevel [1ms]
[2022-05-21T13:28:22.121Z] fatal: not a git repository (or any of the parent directories): .git
[2022-05-21T13:28:24.746Z] > git rev-parse --show-toplevel [1ms]
[2022-05-21T13:28:24.746Z] fatal: not a git repository (or any of the parent directories): .git
[2022-05-21T13:28:30.466Z] > git rev-parse --show-toplevel [1ms]
[2022-05-21T13:28:30.466Z] fatal: not a git repository (or any of the parent directories): .git
[2022-05-21T13:35:43.586Z] > git rev-parse --show-toplevel [2ms]
[2022-05-21T13:35:43.586Z] fatal: not a git repository (or any of the parent directories): .git
[2022-05-21T13:35:48.281Z] > git rev-parse --show-toplevel [1ms]
[2022-05-21T13:35:48.281Z] fatal: not a git repository (or any of the parent directories): .git
