[2022-05-22 21:35:21.495] [exthost] [info] Extension host with pid 8635 started
[2022-05-22 21:35:21.498] [exthost] [error] Error: EEXIST: file already exists, open '/home/ec2-user/.vscode-server/data/User/workspaceStorage/6cf81dba42b6b9fc265d92256d7b1070/vscode.lock'
[2022-05-22 21:35:21.503] [exthost] [info] Lock '/home/ec2-user/.vscode-server/data/User/workspaceStorage/6cf81dba42b6b9fc265d92256d7b1070/vscode.lock': Could not acquire lock, checking if the file is stale.
[2022-05-22 21:35:21.509] [exthost] [info] Lock '/home/ec2-user/.vscode-server/data/User/workspaceStorage/6cf81dba42b6b9fc265d92256d7b1070/vscode.lock': The pid 220757 appears to be gone.
[2022-05-22 21:35:21.509] [exthost] [info] Lock '/home/ec2-user/.vscode-server/data/User/workspaceStorage/6cf81dba42b6b9fc265d92256d7b1070/vscode.lock': Deleting a stale lock.
[2022-05-22 21:35:21.512] [exthost] [info] Lock '/home/ec2-user/.vscode-server/data/User/workspaceStorage/6cf81dba42b6b9fc265d92256d7b1070/vscode.lock': Lock acquired.
[2022-05-22 21:35:22.527] [exthost] [info] ExtensionService#_doActivateExtension vscode.debug-auto-launch, startup: true, activationEvent: '*'
[2022-05-22 21:35:22.535] [exthost] [info] ExtensionService#_doActivateExtension vscode.git-base, startup: true, activationEvent: '*', root cause: vscode.git
[2022-05-22 21:35:22.540] [exthost] [info] ExtensionService#_doActivateExtension vscode.ipynb, startup: true, activationEvent: '*'
[2022-05-22 21:35:31.834] [exthost] [info] ExtensionService#_doActivateExtension vscode.git, startup: true, activationEvent: '*'
[2022-05-22 21:35:31.907] [exthost] [info] ExtensionService#_doActivateExtension vscode.github, startup: true, activationEvent: '*'
[2022-05-22 21:35:32.109] [exthost] [info] ExtensionService#_doActivateExtension vscode.emmet, startup: false, activationEvent: 'onStartupFinished'
[2022-05-22 21:35:32.129] [exthost] [info] ExtensionService#_doActivateExtension vscode.merge-conflict, startup: false, activationEvent: 'onStartupFinished'
[2022-05-22 21:35:32.134] [exthost] [info] Eager extensions activated
[2022-05-22 21:35:32.419] [exthost] [warning] [Decorations] CAPPING events from decorations provider vscode.git 6069
[2022-05-22 21:50:47.863] [exthost] [warning] [Decorations] CAPPING events from decorations provider vscode.git 6069
[2022-05-22 22:10:12.861] [exthost] [info] ExtensionService#_doActivateExtension vscode.configuration-editing, startup: false, activationEvent: 'onLanguage:jsonc'
[2022-05-22 22:10:12.873] [exthost] [info] ExtensionService#_doActivateExtension vscode.json-language-features, startup: false, activationEvent: 'onLanguage:jsonc'
[2022-05-22 22:10:12.948] [exthost] [info] ExtensionService#_doActivateExtension vscode.typescript-language-features, startup: false, activationEvent: 'onLanguage:jsonc'
[2022-05-22 22:35:14.318] [exthost] [warning] [Decorations] CAPPING events from decorations provider vscode.git 2101
[2022-05-22 22:35:14.971] [exthost] [error] Error: spawn git ENOENT
	at Process.ChildProcess._handle.onexit (node:internal/child_process:282:19)
	at onErrorNT (node:internal/child_process:477:16)
	at processTicksAndRejections (node:internal/process/task_queues:83:21)
	at runNextTicks (node:internal/process/task_queues:65:3)
	at processTimers (node:internal/timers:497:9)
[2022-05-22 22:35:14.971] [exthost] [error] Error: spawn git ENOENT
	at Process.ChildProcess._handle.onexit (node:internal/child_process:282:19)
	at onErrorNT (node:internal/child_process:477:16)
	at processTicksAndRejections (node:internal/process/task_queues:83:21)
	at runNextTicks (node:internal/process/task_queues:65:3)
	at processTimers (node:internal/timers:497:9)
[2022-05-22 22:35:14.971] [exthost] [error] Error: spawn git ENOENT
	at Process.ChildProcess._handle.onexit (node:internal/child_process:282:19)
	at onErrorNT (node:internal/child_process:477:16)
	at processTicksAndRejections (node:internal/process/task_queues:83:21)
	at runNextTicks (node:internal/process/task_queues:65:3)
	at processTimers (node:internal/timers:497:9)
[2022-05-22 22:35:14.971] [exthost] [error] Error: spawn git ENOENT
	at Process.ChildProcess._handle.onexit (node:internal/child_process:282:19)
	at onErrorNT (node:internal/child_process:477:16)
	at processTicksAndRejections (node:internal/process/task_queues:83:21)
	at runNextTicks (node:internal/process/task_queues:65:3)
	at processTimers (node:internal/timers:497:9)
[2022-05-22 22:35:14.971] [exthost] [error] Error: spawn git ENOENT
	at Process.ChildProcess._handle.onexit (node:internal/child_process:282:19)
	at onErrorNT (node:internal/child_process:477:16)
	at processTicksAndRejections (node:internal/process/task_queues:83:21)
	at runNextTicks (node:internal/process/task_queues:65:3)
	at processTimers (node:internal/timers:497:9)
[2022-05-22 22:35:14.971] [exthost] [error] Error: spawn git ENOENT
	at Process.ChildProcess._handle.onexit (node:internal/child_process:282:19)
	at onErrorNT (node:internal/child_process:477:16)
	at processTicksAndRejections (node:internal/process/task_queues:83:21)
	at runNextTicks (node:internal/process/task_queues:65:3)
	at processTimers (node:internal/timers:497:9)
[2022-05-22 22:35:14.971] [exthost] [error] Error: spawn git ENOENT
	at Process.ChildProcess._handle.onexit (node:internal/child_process:282:19)
	at onErrorNT (node:internal/child_process:477:16)
	at processTicksAndRejections (node:internal/process/task_queues:83:21)
	at runNextTicks (node:internal/process/task_queues:65:3)
	at processTimers (node:internal/timers:497:9)
[2022-05-22 22:35:18.114] [exthost] [warning] [Decorations] CAPPING events from decorations provider vscode.git 2101
[2022-05-22 22:35:29.716] [exthost] [warning] [Decorations] CAPPING events from decorations provider vscode.git 2101
[2022-05-22 22:35:34.799] [exthost] [warning] [Decorations] CAPPING events from decorations provider vscode.git 2101
