[2022-05-22T10:04:30.124Z] Validating found git in: git
[2022-05-22T10:04:30.165Z] Using git 2.31.1 from git
[2022-05-22T10:04:30.206Z] > git rev-parse --show-toplevel [31ms]
[2022-05-22T10:04:30.206Z] fatal: not a git repository (or any of the parent directories): .git
[2022-05-22T10:04:30.235Z] > git rev-parse --show-toplevel [20ms]
[2022-05-22T10:04:30.235Z] fatal: not a git repository (or any of the parent directories): .git
[2022-05-22T10:04:30.242Z] > git rev-parse --show-toplevel [3ms]
[2022-05-22T10:04:30.242Z] fatal: not a git repository (or any of the parent directories): .git
[2022-05-22T10:04:30.248Z] > git rev-parse --show-toplevel [2ms]
[2022-05-22T10:04:30.248Z] fatal: not a git repository (or any of the parent directories): .git
[2022-05-22T10:04:30.257Z] > git rev-parse --show-toplevel [5ms]
[2022-05-22T10:04:30.257Z] fatal: not a git repository (or any of the parent directories): .git
[2022-05-22T10:04:30.271Z] > git rev-parse --show-toplevel [10ms]
[2022-05-22T10:04:30.271Z] fatal: not a git repository (or any of the parent directories): .git
[2022-05-22T10:04:30.279Z] > git rev-parse --show-toplevel [3ms]
[2022-05-22T10:04:30.279Z] fatal: not a git repository (or any of the parent directories): .git
[2022-05-22T10:04:30.286Z] > git rev-parse --show-toplevel [2ms]
[2022-05-22T10:04:30.286Z] fatal: not a git repository (or any of the parent directories): .git
[2022-05-22T10:04:30.293Z] > git rev-parse --show-toplevel [2ms]
[2022-05-22T10:04:30.300Z] > git rev-parse --git-dir --git-common-dir [2ms]
[2022-05-22T10:04:30.309Z] Open repository: /home/ec2-user/k8s_lesson2
[2022-05-22T10:04:30.319Z] > git status -z -uall [2ms]
[2022-05-22T10:04:30.325Z] > git symbolic-ref --short HEAD [1ms]
[2022-05-22T10:04:30.332Z] > git for-each-ref --format=%(refname)%00%(upstream:short)%00%(objectname)%00%(upstream:track)%00%(upstream:remotename)%00%(upstream:remoteref) refs/heads/main refs/remotes/main [2ms]
[2022-05-22T10:04:30.342Z] > git for-each-ref --sort -committerdate --format %(refname) %(objectname) %(*objectname) [6ms]
[2022-05-22T10:04:30.343Z] > git remote --verbose [3ms]
[2022-05-22T10:04:30.352Z] > git config --get commit.template [2ms]
[2022-05-22T10:04:31.128Z] > git check-ignore -v -z --stdin [2ms]
[2022-05-22T10:04:32.187Z] > git rev-parse --show-toplevel [1ms]
[2022-05-22T10:04:32.187Z] fatal: not a git repository (or any of the parent directories): .git
[2022-05-22T10:04:32.216Z] > git rev-parse --show-toplevel [1ms]
[2022-05-22T10:04:32.216Z] fatal: not a git repository (or any of the parent directories): .git
[2022-05-22T10:04:32.222Z] > git rev-parse --show-toplevel [1ms]
[2022-05-22T10:04:32.222Z] fatal: not a git repository (or any of the parent directories): .git
[2022-05-22T10:04:32.235Z] > git rev-parse --show-toplevel [2ms]
[2022-05-22T10:04:32.235Z] fatal: not a git repository (or any of the parent directories): .git
[2022-05-22T10:04:32.253Z] > git rev-parse --show-toplevel [1ms]
[2022-05-22T10:04:32.253Z] fatal: not a git repository (or any of the parent directories): .git
[2022-05-22T10:04:32.259Z] > git rev-parse --show-toplevel [1ms]
[2022-05-22T10:04:32.259Z] fatal: not a git repository (or any of the parent directories): .git
[2022-05-22T10:04:33.497Z] > git rev-parse --show-toplevel [1ms]
[2022-05-22T10:04:33.497Z] fatal: not a git repository (or any of the parent directories): .git
[2022-05-22T10:04:33.503Z] > git rev-parse --show-toplevel [1ms]
[2022-05-22T10:04:33.503Z] fatal: not a git repository (or any of the parent directories): .git
[2022-05-22T10:04:33.509Z] > git rev-parse --show-toplevel [2ms]
[2022-05-22T10:04:33.509Z] fatal: not a git repository (or any of the parent directories): .git
[2022-05-22T10:04:33.542Z] > git rev-parse --show-toplevel [2ms]
[2022-05-22T10:04:33.542Z] fatal: not a git repository (or any of the parent directories): .git
[2022-05-22T10:18:39.777Z] > git rev-parse --show-toplevel [2ms]
[2022-05-22T10:18:39.777Z] fatal: not a git repository (or any of the parent directories): .git
[2022-05-22T10:18:40.791Z] > git rev-parse --show-toplevel [2ms]
[2022-05-22T10:18:40.791Z] fatal: not a git repository (or any of the parent directories): .git
[2022-05-22T10:18:42.541Z] > git rev-parse --show-toplevel [1ms]
[2022-05-22T10:18:42.541Z] fatal: not a git repository (or any of the parent directories): .git
[2022-05-22T10:18:49.546Z] > git rev-parse --show-toplevel [1ms]
[2022-05-22T10:18:49.546Z] fatal: not a git repository (or any of the parent directories): .git
[2022-05-22T10:18:59.031Z] > git rev-parse --show-toplevel [2ms]
[2022-05-22T10:18:59.031Z] fatal: not a git repository (or any of the parent directories): .git
[2022-05-22T10:19:08.549Z] > git rev-parse --show-toplevel [2ms]
[2022-05-22T10:19:08.549Z] fatal: not a git repository (or any of the parent directories): .git
[2022-05-22T10:19:16.421Z] > git rev-parse --show-toplevel [2ms]
[2022-05-22T10:19:16.421Z] fatal: not a git repository (or any of the parent directories): .git
[2022-05-22T10:39:27.365Z] > git rev-parse --show-toplevel [1ms]
[2022-05-22T10:39:27.365Z] fatal: not a git repository (or any of the parent directories): .git
[2022-05-22T10:50:59.716Z] > git rev-parse --show-toplevel [2ms]
[2022-05-22T10:50:59.716Z] fatal: not a git repository (or any of the parent directories): .git
[2022-05-22T10:52:06.046Z] > git rev-parse --show-toplevel [1ms]
[2022-05-22T10:52:06.046Z] fatal: not a git repository (or any of the parent directories): .git
[2022-05-22T11:31:09.707Z] > git rev-parse --show-toplevel [2ms]
[2022-05-22T11:31:09.707Z] fatal: not a git repository (or any of the parent directories): .git
[2022-05-22T11:39:12.916Z] > git rev-parse --show-toplevel [2ms]
[2022-05-22T11:39:12.916Z] fatal: not a git repository (or any of the parent directories): .git
[2022-05-22T11:39:16.355Z] > git rev-parse --show-toplevel [1ms]
[2022-05-22T11:39:16.355Z] fatal: not a git repository (or any of the parent directories): .git
[2022-05-22T11:41:22.121Z] > git rev-parse --show-toplevel [2ms]
[2022-05-22T11:41:22.121Z] fatal: not a git repository (or any of the parent directories): .git
[2022-05-22T11:45:56.411Z] > git rev-parse --show-toplevel [1ms]
[2022-05-22T11:45:56.411Z] fatal: not a git repository (or any of the parent directories): .git
[2022-05-22T12:08:20.056Z] > git rev-parse --show-toplevel [2ms]
[2022-05-22T12:08:20.056Z] fatal: not a git repository (or any of the parent directories): .git
[2022-05-22T12:08:24.665Z] > git rev-parse --show-toplevel [1ms]
[2022-05-22T12:08:24.665Z] fatal: not a git repository (or any of the parent directories): .git
[2022-05-22T12:16:43.126Z] > git rev-parse --show-toplevel [2ms]
[2022-05-22T12:16:43.126Z] fatal: not a git repository (or any of the parent directories): .git
[2022-05-22T12:18:15.530Z] > git rev-parse --show-toplevel [1ms]
[2022-05-22T12:18:15.530Z] fatal: not a git repository (or any of the parent directories): .git
[2022-05-22T12:18:18.460Z] > git rev-parse --show-toplevel [1ms]
[2022-05-22T12:18:18.460Z] fatal: not a git repository (or any of the parent directories): .git
[2022-05-22T12:18:34.245Z] > git rev-parse --show-toplevel [1ms]
[2022-05-22T12:18:34.245Z] fatal: not a git repository (or any of the parent directories): .git
[2022-05-22T12:19:21.076Z] > git rev-parse --show-toplevel [1ms]
[2022-05-22T12:19:21.076Z] fatal: not a git repository (or any of the parent directories): .git
[2022-05-22T12:19:33.756Z] > git rev-parse --show-toplevel [2ms]
[2022-05-22T12:19:33.756Z] fatal: not a git repository (or any of the parent directories): .git
[2022-05-22T12:20:07.576Z] > git rev-parse --show-toplevel [2ms]
[2022-05-22T12:20:07.576Z] fatal: not a git repository (or any of the parent directories): .git
[2022-05-22T12:20:10.376Z] > git rev-parse --show-toplevel [1ms]
[2022-05-22T12:20:10.376Z] fatal: not a git repository (or any of the parent directories): .git
[2022-05-22T12:36:52.826Z] > git rev-parse --show-toplevel [2ms]
[2022-05-22T12:36:52.826Z] fatal: not a git repository (or any of the parent directories): .git
[2022-05-22T12:36:53.646Z] > git rev-parse --show-toplevel [2ms]
[2022-05-22T12:36:53.646Z] fatal: not a git repository (or any of the parent directories): .git
[2022-05-22T12:36:58.445Z] > git rev-parse --show-toplevel [1ms]
[2022-05-22T12:36:58.445Z] fatal: not a git repository (or any of the parent directories): .git
[2022-05-22T12:37:05.612Z] > git rev-parse --show-toplevel [2ms]
[2022-05-22T12:37:05.612Z] fatal: not a git repository (or any of the parent directories): .git
[2022-05-22T12:37:08.741Z] > git rev-parse --show-toplevel [2ms]
[2022-05-22T12:37:08.741Z] fatal: not a git repository (or any of the parent directories): .git
[2022-05-22T12:37:57.946Z] > git rev-parse --show-toplevel [2ms]
[2022-05-22T12:37:57.946Z] fatal: not a git repository (or any of the parent directories): .git
[2022-05-22T12:39:23.785Z] > git rev-parse --show-toplevel [1ms]
[2022-05-22T12:39:23.785Z] fatal: not a git repository (or any of the parent directories): .git
[2022-05-22T13:47:53.706Z] > git rev-parse --show-toplevel [2ms]
[2022-05-22T13:47:53.706Z] fatal: not a git repository (or any of the parent directories): .git
[2022-05-22T13:47:58.046Z] > git rev-parse --show-toplevel [2ms]
[2022-05-22T13:47:58.046Z] fatal: not a git repository (or any of the parent directories): .git
[2022-05-22T14:01:53.766Z] > git rev-parse --show-toplevel [2ms]
[2022-05-22T14:01:53.766Z] fatal: not a git repository (or any of the parent directories): .git
[2022-05-22T14:02:20.823Z] > git rev-parse --show-toplevel [1ms]
[2022-05-22T14:02:20.823Z] fatal: not a git repository (or any of the parent directories): .git
[2022-05-22T14:10:40.972Z] > git rev-parse --show-toplevel [2ms]
[2022-05-22T14:10:40.972Z] fatal: not a git repository (or any of the parent directories): .git
[2022-05-22T15:09:29.787Z] > git check-ignore -v -z --stdin [1ms]
[2022-05-22T15:09:30.592Z] > git check-ignore -v -z --stdin [2ms]
[2022-05-22T15:09:31.724Z] > git show --textconv :lesson3/config.yaml [4ms]
[2022-05-22T15:09:31.725Z] > git ls-files --stage -- /home/ec2-user/k8s_lesson2/lesson3/config.yaml [1ms]
[2022-05-22T15:09:31.731Z] > git cat-file -s a8d489040540d13f4b8c73cb06de8d8961d75e40 [1ms]
[2022-05-22T15:21:37.169Z] > git status -z -uall [3ms]
[2022-05-22T15:21:37.174Z] > git symbolic-ref --short HEAD [1ms]
[2022-05-22T15:21:37.179Z] > git for-each-ref --format=%(refname)%00%(upstream:short)%00%(objectname)%00%(upstream:track)%00%(upstream:remotename)%00%(upstream:remoteref) refs/heads/main refs/remotes/main [1ms]
[2022-05-22T15:21:37.187Z] > git for-each-ref --sort -committerdate --format %(refname) %(objectname) %(*objectname) [4ms]
[2022-05-22T15:21:37.188Z] > git remote --verbose [2ms]
[2022-05-22T15:21:37.198Z] > git config --get commit.template [1ms]
[2022-05-22T15:21:37.446Z] > git check-ignore -v -z --stdin [2ms]
[2022-05-22T15:21:39.988Z] > git show --textconv :lesson3/config-best-practice.yaml [4ms]
[2022-05-22T15:21:39.990Z] > git ls-files --stage -- /home/ec2-user/k8s_lesson2/lesson3/config-best-practice.yaml [2ms]
[2022-05-22T15:22:03.548Z] > git show --textconv :lesson3/config.yaml [4ms]
[2022-05-22T15:22:03.549Z] > git ls-files --stage -- /home/ec2-user/k8s_lesson2/lesson3/config.yaml [2ms]
[2022-05-22T15:22:03.553Z] > git cat-file -s a8d489040540d13f4b8c73cb06de8d8961d75e40 [1ms]
[2022-05-22T15:22:15.319Z] > git show --textconv :lesson3/config-best-practice.yaml [5ms]
[2022-05-22T15:22:15.320Z] > git ls-files --stage -- /home/ec2-user/k8s_lesson2/lesson3/config-best-practice.yaml [2ms]
[2022-05-22T15:22:18.657Z] > git status -z -uall [2ms]
[2022-05-22T15:22:18.662Z] > git symbolic-ref --short HEAD [1ms]
[2022-05-22T15:22:18.667Z] > git for-each-ref --format=%(refname)%00%(upstream:short)%00%(objectname)%00%(upstream:track)%00%(upstream:remotename)%00%(upstream:remoteref) refs/heads/main refs/remotes/main [1ms]
[2022-05-22T15:22:18.675Z] > git for-each-ref --sort -committerdate --format %(refname) %(objectname) %(*objectname) [4ms]
[2022-05-22T15:22:18.676Z] > git remote --verbose [1ms]
[2022-05-22T15:22:18.683Z] > git config --get commit.template [1ms]
[2022-05-22T15:22:23.691Z] > git status -z -uall [2ms]
[2022-05-22T15:22:23.696Z] > git symbolic-ref --short HEAD [1ms]
[2022-05-22T15:22:23.701Z] > git for-each-ref --format=%(refname)%00%(upstream:short)%00%(objectname)%00%(upstream:track)%00%(upstream:remotename)%00%(upstream:remoteref) refs/heads/main refs/remotes/main [1ms]
[2022-05-22T15:22:23.709Z] > git for-each-ref --sort -committerdate --format %(refname) %(objectname) %(*objectname) [4ms]
[2022-05-22T15:22:23.709Z] > git remote --verbose [1ms]
[2022-05-22T15:22:23.716Z] > git config --get commit.template [1ms]
[2022-05-22T15:22:24.228Z] > git show --textconv :lesson3/config.yaml [4ms]
[2022-05-22T15:22:24.229Z] > git ls-files --stage -- /home/ec2-user/k8s_lesson2/lesson3/config.yaml [2ms]
[2022-05-22T15:22:24.234Z] > git cat-file -s a8d489040540d13f4b8c73cb06de8d8961d75e40 [2ms]
[2022-05-22T15:22:28.724Z] > git status -z -uall [2ms]
[2022-05-22T15:22:28.729Z] > git symbolic-ref --short HEAD [1ms]
[2022-05-22T15:22:28.734Z] > git for-each-ref --format=%(refname)%00%(upstream:short)%00%(objectname)%00%(upstream:track)%00%(upstream:remotename)%00%(upstream:remoteref) refs/heads/main refs/remotes/main [2ms]
[2022-05-22T15:22:28.741Z] > git for-each-ref --sort -committerdate --format %(refname) %(objectname) %(*objectname) [4ms]
[2022-05-22T15:22:28.742Z] > git remote --verbose [1ms]
[2022-05-22T15:22:28.748Z] > git config --get commit.template [1ms]
[2022-05-22T15:22:35.639Z] > git show --textconv :lesson3/config-best-practice.yaml [5ms]
[2022-05-22T15:22:35.639Z] > git ls-files --stage -- /home/ec2-user/k8s_lesson2/lesson3/config-best-practice.yaml [2ms]
[2022-05-22T15:22:38.758Z] > git show --textconv :lesson3/config.yaml [4ms]
[2022-05-22T15:22:38.759Z] > git ls-files --stage -- /home/ec2-user/k8s_lesson2/lesson3/config.yaml [2ms]
[2022-05-22T15:22:38.764Z] > git cat-file -s a8d489040540d13f4b8c73cb06de8d8961d75e40 [2ms]
[2022-05-22T15:22:39.088Z] > git status -z -uall [2ms]
[2022-05-22T15:22:39.094Z] > git symbolic-ref --short HEAD [2ms]
[2022-05-22T15:22:39.099Z] > git for-each-ref --format=%(refname)%00%(upstream:short)%00%(objectname)%00%(upstream:track)%00%(upstream:remotename)%00%(upstream:remoteref) refs/heads/main refs/remotes/main [2ms]
[2022-05-22T15:22:39.107Z] > git for-each-ref --sort -committerdate --format %(refname) %(objectname) %(*objectname) [4ms]
[2022-05-22T15:22:39.108Z] > git remote --verbose [2ms]
[2022-05-22T15:22:39.115Z] > git config --get commit.template [2ms]
[2022-05-22T15:22:59.284Z] > git show --textconv :lesson3/config-best-practice.yaml [5ms]
[2022-05-22T15:22:59.285Z] > git ls-files --stage -- /home/ec2-user/k8s_lesson2/lesson3/config-best-practice.yaml [2ms]
[2022-05-22T15:23:04.028Z] > git status -z -uall [2ms]
[2022-05-22T15:23:04.033Z] > git symbolic-ref --short HEAD [1ms]
[2022-05-22T15:23:04.039Z] > git for-each-ref --format=%(refname)%00%(upstream:short)%00%(objectname)%00%(upstream:track)%00%(upstream:remotename)%00%(upstream:remoteref) refs/heads/main refs/remotes/main [1ms]
[2022-05-22T15:23:04.047Z] > git for-each-ref --sort -committerdate --format %(refname) %(objectname) %(*objectname) [4ms]
[2022-05-22T15:23:04.048Z] > git remote --verbose [2ms]
[2022-05-22T15:23:04.055Z] > git config --get commit.template [2ms]
[2022-05-22T15:23:07.416Z] > git show --textconv :lesson3/config.yaml [4ms]
[2022-05-22T15:23:07.417Z] > git ls-files --stage -- /home/ec2-user/k8s_lesson2/lesson3/config.yaml [1ms]
[2022-05-22T15:23:07.423Z] > git cat-file -s a8d489040540d13f4b8c73cb06de8d8961d75e40 [2ms]
[2022-05-22T15:23:09.063Z] > git status -z -uall [2ms]
[2022-05-22T15:23:09.068Z] > git symbolic-ref --short HEAD [1ms]
[2022-05-22T15:23:09.073Z] > git for-each-ref --format=%(refname)%00%(upstream:short)%00%(objectname)%00%(upstream:track)%00%(upstream:remotename)%00%(upstream:remoteref) refs/heads/main refs/remotes/main [1ms]
[2022-05-22T15:23:09.081Z] > git for-each-ref --sort -committerdate --format %(refname) %(objectname) %(*objectname) [4ms]
[2022-05-22T15:23:09.082Z] > git remote --verbose [1ms]
[2022-05-22T15:23:09.088Z] > git config --get commit.template [1ms]
[2022-05-22T15:23:20.669Z] > git show --textconv :lesson3/config-best-practice.yaml [4ms]
[2022-05-22T15:23:20.670Z] > git ls-files --stage -- /home/ec2-user/k8s_lesson2/lesson3/config-best-practice.yaml [2ms]
[2022-05-22T15:24:05.103Z] > git status -z -uall [2ms]
[2022-05-22T15:24:05.108Z] > git symbolic-ref --short HEAD [1ms]
[2022-05-22T15:24:05.114Z] > git for-each-ref --format=%(refname)%00%(upstream:short)%00%(objectname)%00%(upstream:track)%00%(upstream:remotename)%00%(upstream:remoteref) refs/heads/main refs/remotes/main [2ms]
[2022-05-22T15:24:05.123Z] > git for-each-ref --sort -committerdate --format %(refname) %(objectname) %(*objectname) [5ms]
[2022-05-22T15:24:05.123Z] > git remote --verbose [2ms]
[2022-05-22T15:24:05.130Z] > git config --get commit.template [1ms]
[2022-05-22T15:24:10.407Z] > git status -z -uall [2ms]
[2022-05-22T15:24:10.413Z] > git symbolic-ref --short HEAD [2ms]
[2022-05-22T15:24:10.418Z] > git for-each-ref --format=%(refname)%00%(upstream:short)%00%(objectname)%00%(upstream:track)%00%(upstream:remotename)%00%(upstream:remoteref) refs/heads/main refs/remotes/main [2ms]
[2022-05-22T15:24:10.426Z] > git for-each-ref --sort -committerdate --format %(refname) %(objectname) %(*objectname) [4ms]
[2022-05-22T15:24:10.426Z] > git remote --verbose [1ms]
[2022-05-22T15:24:10.433Z] > git config --get commit.template [1ms]
[2022-05-22T15:24:15.441Z] > git status -z -uall [3ms]
[2022-05-22T15:24:15.446Z] > git symbolic-ref --short HEAD [2ms]
[2022-05-22T15:24:15.451Z] > git for-each-ref --format=%(refname)%00%(upstream:short)%00%(objectname)%00%(upstream:track)%00%(upstream:remotename)%00%(upstream:remoteref) refs/heads/main refs/remotes/main [2ms]
[2022-05-22T15:24:15.458Z] > git for-each-ref --sort -committerdate --format %(refname) %(objectname) %(*objectname) [4ms]
[2022-05-22T15:24:15.459Z] > git remote --verbose [1ms]
[2022-05-22T15:24:15.466Z] > git config --get commit.template [1ms]
[2022-05-22T15:24:22.352Z] > git status -z -uall [2ms]
[2022-05-22T15:24:22.357Z] > git symbolic-ref --short HEAD [1ms]
[2022-05-22T15:24:22.362Z] > git for-each-ref --format=%(refname)%00%(upstream:short)%00%(objectname)%00%(upstream:track)%00%(upstream:remotename)%00%(upstream:remoteref) refs/heads/main refs/remotes/main [2ms]
[2022-05-22T15:24:22.370Z] > git for-each-ref --sort -committerdate --format %(refname) %(objectname) %(*objectname) [4ms]
[2022-05-22T15:24:22.370Z] > git remote --verbose [1ms]
[2022-05-22T15:24:22.377Z] > git config --get commit.template [1ms]
[2022-05-22T15:24:27.386Z] > git status -z -uall [2ms]
[2022-05-22T15:24:27.391Z] > git symbolic-ref --short HEAD [1ms]
[2022-05-22T15:24:27.396Z] > git for-each-ref --format=%(refname)%00%(upstream:short)%00%(objectname)%00%(upstream:track)%00%(upstream:remotename)%00%(upstream:remoteref) refs/heads/main refs/remotes/main [1ms]
[2022-05-22T15:24:27.405Z] > git for-each-ref --sort -committerdate --format %(refname) %(objectname) %(*objectname) [5ms]
[2022-05-22T15:24:27.406Z] > git remote --verbose [3ms]
[2022-05-22T15:24:27.412Z] > git config --get commit.template [1ms]
[2022-05-22T15:24:32.422Z] > git status -z -uall [2ms]
[2022-05-22T15:24:32.427Z] > git symbolic-ref --short HEAD [1ms]
[2022-05-22T15:24:32.433Z] > git for-each-ref --format=%(refname)%00%(upstream:short)%00%(objectname)%00%(upstream:track)%00%(upstream:remotename)%00%(upstream:remoteref) refs/heads/main refs/remotes/main [2ms]
[2022-05-22T15:24:32.441Z] > git for-each-ref --sort -committerdate --format %(refname) %(objectname) %(*objectname) [5ms]
[2022-05-22T15:24:32.441Z] > git remote --verbose [1ms]
[2022-05-22T15:24:32.449Z] > git config --get commit.template [1ms]
[2022-05-22T15:24:37.457Z] > git status -z -uall [2ms]
[2022-05-22T15:24:37.462Z] > git symbolic-ref --short HEAD [1ms]
[2022-05-22T15:24:37.467Z] > git for-each-ref --format=%(refname)%00%(upstream:short)%00%(objectname)%00%(upstream:track)%00%(upstream:remotename)%00%(upstream:remoteref) refs/heads/main refs/remotes/main [1ms]
[2022-05-22T15:24:37.475Z] > git for-each-ref --sort -committerdate --format %(refname) %(objectname) %(*objectname) [4ms]
[2022-05-22T15:24:37.476Z] > git remote --verbose [2ms]
[2022-05-22T15:24:37.482Z] > git config --get commit.template [1ms]
[2022-05-22T15:24:42.490Z] > git status -z -uall [2ms]
[2022-05-22T15:24:42.496Z] > git symbolic-ref --short HEAD [2ms]
[2022-05-22T15:24:42.501Z] > git for-each-ref --format=%(refname)%00%(upstream:short)%00%(objectname)%00%(upstream:track)%00%(upstream:remotename)%00%(upstream:remoteref) refs/heads/main refs/remotes/main [2ms]
[2022-05-22T15:24:42.509Z] > git for-each-ref --sort -committerdate --format %(refname) %(objectname) %(*objectname) [4ms]
[2022-05-22T15:24:42.509Z] > git remote --verbose [1ms]
[2022-05-22T15:24:42.516Z] > git config --get commit.template [2ms]
[2022-05-22T15:24:47.525Z] > git status -z -uall [2ms]
[2022-05-22T15:24:47.530Z] > git symbolic-ref --short HEAD [1ms]
[2022-05-22T15:24:47.536Z] > git for-each-ref --format=%(refname)%00%(upstream:short)%00%(objectname)%00%(upstream:track)%00%(upstream:remotename)%00%(upstream:remoteref) refs/heads/main refs/remotes/main [2ms]
[2022-05-22T15:24:47.544Z] > git for-each-ref --sort -committerdate --format %(refname) %(objectname) %(*objectname) [4ms]
[2022-05-22T15:24:47.544Z] > git remote --verbose [1ms]
[2022-05-22T15:24:47.551Z] > git config --get commit.template [2ms]
[2022-05-22T15:24:52.558Z] > git status -z -uall [2ms]
[2022-05-22T15:24:52.563Z] > git symbolic-ref --short HEAD [1ms]
[2022-05-22T15:24:52.569Z] > git for-each-ref --format=%(refname)%00%(upstream:short)%00%(objectname)%00%(upstream:track)%00%(upstream:remotename)%00%(upstream:remoteref) refs/heads/main refs/remotes/main [2ms]
[2022-05-22T15:24:52.577Z] > git for-each-ref --sort -committerdate --format %(refname) %(objectname) %(*objectname) [5ms]
[2022-05-22T15:24:52.577Z] > git remote --verbose [1ms]
[2022-05-22T15:24:52.584Z] > git config --get commit.template [0ms]
[2022-05-22T15:24:59.018Z] > git status -z -uall [2ms]
[2022-05-22T15:24:59.024Z] > git symbolic-ref --short HEAD [2ms]
[2022-05-22T15:24:59.029Z] > git for-each-ref --format=%(refname)%00%(upstream:short)%00%(objectname)%00%(upstream:track)%00%(upstream:remotename)%00%(upstream:remoteref) refs/heads/main refs/remotes/main [2ms]
[2022-05-22T15:24:59.037Z] > git for-each-ref --sort -committerdate --format %(refname) %(objectname) %(*objectname) [4ms]
[2022-05-22T15:24:59.037Z] > git remote --verbose [1ms]
[2022-05-22T15:24:59.044Z] > git config --get commit.template [2ms]
[2022-05-22T15:25:04.052Z] > git status -z -uall [2ms]
[2022-05-22T15:25:04.058Z] > git symbolic-ref --short HEAD [2ms]
[2022-05-22T15:25:04.063Z] > git for-each-ref --format=%(refname)%00%(upstream:short)%00%(objectname)%00%(upstream:track)%00%(upstream:remotename)%00%(upstream:remoteref) refs/heads/main refs/remotes/main [2ms]
[2022-05-22T15:25:04.073Z] > git for-each-ref --sort -committerdate --format %(refname) %(objectname) %(*objectname) [4ms]
[2022-05-22T15:25:04.073Z] > git remote --verbose [1ms]
[2022-05-22T15:25:04.081Z] > git config --get commit.template [1ms]
[2022-05-22T15:25:09.089Z] > git status -z -uall [2ms]
[2022-05-22T15:25:09.094Z] > git symbolic-ref --short HEAD [1ms]
[2022-05-22T15:25:09.099Z] > git for-each-ref --format=%(refname)%00%(upstream:short)%00%(objectname)%00%(upstream:track)%00%(upstream:remotename)%00%(upstream:remoteref) refs/heads/main refs/remotes/main [1ms]
[2022-05-22T15:25:09.107Z] > git for-each-ref --sort -committerdate --format %(refname) %(objectname) %(*objectname) [4ms]
[2022-05-22T15:25:09.108Z] > git remote --verbose [1ms]
[2022-05-22T15:25:09.115Z] > git config --get commit.template [1ms]
[2022-05-22T15:25:14.124Z] > git status -z -uall [2ms]
[2022-05-22T15:25:14.129Z] > git symbolic-ref --short HEAD [1ms]
[2022-05-22T15:25:14.134Z] > git for-each-ref --format=%(refname)%00%(upstream:short)%00%(objectname)%00%(upstream:track)%00%(upstream:remotename)%00%(upstream:remoteref) refs/heads/main refs/remotes/main [1ms]
[2022-05-22T15:25:14.142Z] > git for-each-ref --sort -committerdate --format %(refname) %(objectname) %(*objectname) [4ms]
[2022-05-22T15:25:14.143Z] > git remote --verbose [2ms]
[2022-05-22T15:25:14.150Z] > git config --get commit.template [2ms]
[2022-05-22T15:25:22.942Z] > git status -z -uall [2ms]
[2022-05-22T15:25:22.948Z] > git symbolic-ref --short HEAD [2ms]
[2022-05-22T15:25:22.953Z] > git for-each-ref --format=%(refname)%00%(upstream:short)%00%(objectname)%00%(upstream:track)%00%(upstream:remotename)%00%(upstream:remoteref) refs/heads/main refs/remotes/main [2ms]
[2022-05-22T15:25:22.961Z] > git for-each-ref --sort -committerdate --format %(refname) %(objectname) %(*objectname) [4ms]
[2022-05-22T15:25:22.962Z] > git remote --verbose [2ms]
[2022-05-22T15:25:22.968Z] > git config --get commit.template [1ms]
[2022-05-22T15:25:27.977Z] > git status -z -uall [2ms]
[2022-05-22T15:25:27.983Z] > git symbolic-ref --short HEAD [2ms]
[2022-05-22T15:25:27.988Z] > git for-each-ref --format=%(refname)%00%(upstream:short)%00%(objectname)%00%(upstream:track)%00%(upstream:remotename)%00%(upstream:remoteref) refs/heads/main refs/remotes/main [2ms]
[2022-05-22T15:25:27.996Z] > git for-each-ref --sort -committerdate --format %(refname) %(objectname) %(*objectname) [4ms]
[2022-05-22T15:25:27.997Z] > git remote --verbose [1ms]
[2022-05-22T15:25:28.003Z] > git config --get commit.template [1ms]
[2022-05-22T15:25:33.011Z] > git status -z -uall [2ms]
[2022-05-22T15:25:33.016Z] > git symbolic-ref --short HEAD [1ms]
[2022-05-22T15:25:33.022Z] > git for-each-ref --format=%(refname)%00%(upstream:short)%00%(objectname)%00%(upstream:track)%00%(upstream:remotename)%00%(upstream:remoteref) refs/heads/main refs/remotes/main [2ms]
[2022-05-22T15:25:33.029Z] > git for-each-ref --sort -committerdate --format %(refname) %(objectname) %(*objectname) [4ms]
[2022-05-22T15:25:33.030Z] > git remote --verbose [1ms]
[2022-05-22T15:25:33.036Z] > git config --get commit.template [1ms]
[2022-05-22T15:26:12.557Z] > git status -z -uall [2ms]
[2022-05-22T15:26:12.562Z] > git symbolic-ref --short HEAD [1ms]
[2022-05-22T15:26:12.567Z] > git for-each-ref --format=%(refname)%00%(upstream:short)%00%(objectname)%00%(upstream:track)%00%(upstream:remotename)%00%(upstream:remoteref) refs/heads/main refs/remotes/main [1ms]
[2022-05-22T15:26:12.575Z] > git for-each-ref --sort -committerdate --format %(refname) %(objectname) %(*objectname) [4ms]
[2022-05-22T15:26:12.576Z] > git remote --verbose [1ms]
[2022-05-22T15:26:12.582Z] > git config --get commit.template [1ms]
[2022-05-22T15:26:17.590Z] > git status -z -uall [2ms]
[2022-05-22T15:26:17.595Z] > git symbolic-ref --short HEAD [1ms]
[2022-05-22T15:26:17.600Z] > git for-each-ref --format=%(refname)%00%(upstream:short)%00%(objectname)%00%(upstream:track)%00%(upstream:remotename)%00%(upstream:remoteref) refs/heads/main refs/remotes/main [1ms]
[2022-05-22T15:26:17.608Z] > git for-each-ref --sort -committerdate --format %(refname) %(objectname) %(*objectname) [4ms]
[2022-05-22T15:26:17.609Z] > git remote --verbose [1ms]
[2022-05-22T15:26:17.615Z] > git config --get commit.template [1ms]
[2022-05-22T15:26:22.624Z] > git status -z -uall [2ms]
[2022-05-22T15:26:22.630Z] > git symbolic-ref --short HEAD [2ms]
[2022-05-22T15:26:22.635Z] > git for-each-ref --format=%(refname)%00%(upstream:short)%00%(objectname)%00%(upstream:track)%00%(upstream:remotename)%00%(upstream:remoteref) refs/heads/main refs/remotes/main [2ms]
[2022-05-22T15:26:22.643Z] > git for-each-ref --sort -committerdate --format %(refname) %(objectname) %(*objectname) [5ms]
[2022-05-22T15:26:22.643Z] > git remote --verbose [1ms]
[2022-05-22T15:26:22.649Z] > git config --get commit.template [1ms]
[2022-05-22T15:26:27.656Z] > git status -z -uall [2ms]
[2022-05-22T15:26:27.662Z] > git symbolic-ref --short HEAD [2ms]
[2022-05-22T15:26:27.667Z] > git for-each-ref --format=%(refname)%00%(upstream:short)%00%(objectname)%00%(upstream:track)%00%(upstream:remotename)%00%(upstream:remoteref) refs/heads/main refs/remotes/main [1ms]
[2022-05-22T15:26:27.675Z] > git for-each-ref --sort -committerdate --format %(refname) %(objectname) %(*objectname) [4ms]
[2022-05-22T15:26:27.675Z] > git remote --verbose [1ms]
[2022-05-22T15:26:27.682Z] > git config --get commit.template [1ms]
[2022-05-22T15:26:32.690Z] > git status -z -uall [2ms]
[2022-05-22T15:26:32.695Z] > git symbolic-ref --short HEAD [1ms]
[2022-05-22T15:26:32.700Z] > git for-each-ref --format=%(refname)%00%(upstream:short)%00%(objectname)%00%(upstream:track)%00%(upstream:remotename)%00%(upstream:remoteref) refs/heads/main refs/remotes/main [1ms]
[2022-05-22T15:26:32.708Z] > git for-each-ref --sort -committerdate --format %(refname) %(objectname) %(*objectname) [4ms]
[2022-05-22T15:26:32.708Z] > git remote --verbose [1ms]
[2022-05-22T15:26:32.714Z] > git config --get commit.template [1ms]
[2022-05-22T15:26:37.723Z] > git status -z -uall [2ms]
[2022-05-22T15:26:37.729Z] > git symbolic-ref --short HEAD [2ms]
[2022-05-22T15:26:37.734Z] > git for-each-ref --format=%(refname)%00%(upstream:short)%00%(objectname)%00%(upstream:track)%00%(upstream:remotename)%00%(upstream:remoteref) refs/heads/main refs/remotes/main [2ms]
[2022-05-22T15:26:37.742Z] > git for-each-ref --sort -committerdate --format %(refname) %(objectname) %(*objectname) [5ms]
[2022-05-22T15:26:37.742Z] > git remote --verbose [1ms]
[2022-05-22T15:26:37.748Z] > git config --get commit.template [1ms]
[2022-05-22T15:26:42.756Z] > git status -z -uall [2ms]
[2022-05-22T15:26:42.762Z] > git symbolic-ref --short HEAD [2ms]
[2022-05-22T15:26:42.767Z] > git for-each-ref --format=%(refname)%00%(upstream:short)%00%(objectname)%00%(upstream:track)%00%(upstream:remotename)%00%(upstream:remoteref) refs/heads/main refs/remotes/main [2ms]
[2022-05-22T15:26:42.775Z] > git for-each-ref --sort -committerdate --format %(refname) %(objectname) %(*objectname) [5ms]
[2022-05-22T15:26:42.775Z] > git remote --verbose [1ms]
[2022-05-22T15:26:42.782Z] > git config --get commit.template [2ms]
[2022-05-22T15:26:47.791Z] > git status -z -uall [2ms]
[2022-05-22T15:26:47.796Z] > git symbolic-ref --short HEAD [1ms]
[2022-05-22T15:26:47.801Z] > git for-each-ref --format=%(refname)%00%(upstream:short)%00%(objectname)%00%(upstream:track)%00%(upstream:remotename)%00%(upstream:remoteref) refs/heads/main refs/remotes/main [1ms]
[2022-05-22T15:26:47.809Z] > git for-each-ref --sort -committerdate --format %(refname) %(objectname) %(*objectname) [4ms]
[2022-05-22T15:26:47.810Z] > git remote --verbose [2ms]
[2022-05-22T15:26:47.816Z] > git config --get commit.template [1ms]
[2022-05-22T15:26:52.824Z] > git status -z -uall [2ms]
[2022-05-22T15:26:52.829Z] > git symbolic-ref --short HEAD [1ms]
[2022-05-22T15:26:52.835Z] > git for-each-ref --format=%(refname)%00%(upstream:short)%00%(objectname)%00%(upstream:track)%00%(upstream:remotename)%00%(upstream:remoteref) refs/heads/main refs/remotes/main [2ms]
[2022-05-22T15:26:52.843Z] > git for-each-ref --sort -committerdate --format %(refname) %(objectname) %(*objectname) [5ms]
[2022-05-22T15:26:52.843Z] > git remote --verbose [1ms]
[2022-05-22T15:26:52.851Z] > git config --get commit.template [2ms]
[2022-05-22T15:26:57.859Z] > git status -z -uall [2ms]
[2022-05-22T15:26:57.865Z] > git symbolic-ref --short HEAD [2ms]
[2022-05-22T15:26:57.870Z] > git for-each-ref --format=%(refname)%00%(upstream:short)%00%(objectname)%00%(upstream:track)%00%(upstream:remotename)%00%(upstream:remoteref) refs/heads/main refs/remotes/main [2ms]
[2022-05-22T15:26:57.878Z] > git for-each-ref --sort -committerdate --format %(refname) %(objectname) %(*objectname) [5ms]
[2022-05-22T15:26:57.878Z] > git remote --verbose [1ms]
[2022-05-22T15:26:57.886Z] > git config --get commit.template [0ms]
[2022-05-22T15:27:21.637Z] > git status -z -uall [2ms]
[2022-05-22T15:27:21.643Z] > git symbolic-ref --short HEAD [2ms]
[2022-05-22T15:27:21.648Z] > git for-each-ref --format=%(refname)%00%(upstream:short)%00%(objectname)%00%(upstream:track)%00%(upstream:remotename)%00%(upstream:remoteref) refs/heads/main refs/remotes/main [2ms]
[2022-05-22T15:27:21.655Z] > git for-each-ref --sort -committerdate --format %(refname) %(objectname) %(*objectname) [4ms]
[2022-05-22T15:27:21.656Z] > git remote --verbose [1ms]
[2022-05-22T15:27:21.663Z] > git config --get commit.template [1ms]
[2022-05-22T15:27:26.671Z] > git status -z -uall [2ms]
[2022-05-22T15:27:26.676Z] > git symbolic-ref --short HEAD [1ms]
[2022-05-22T15:27:26.682Z] > git for-each-ref --format=%(refname)%00%(upstream:short)%00%(objectname)%00%(upstream:track)%00%(upstream:remotename)%00%(upstream:remoteref) refs/heads/main refs/remotes/main [2ms]
[2022-05-22T15:27:26.689Z] > git for-each-ref --sort -committerdate --format %(refname) %(objectname) %(*objectname) [4ms]
[2022-05-22T15:27:26.690Z] > git remote --verbose [1ms]
[2022-05-22T15:27:26.696Z] > git config --get commit.template [1ms]
[2022-05-22T15:27:46.568Z] > git status -z -uall [2ms]
[2022-05-22T15:27:46.573Z] > git symbolic-ref --short HEAD [1ms]
[2022-05-22T15:27:46.578Z] > git for-each-ref --format=%(refname)%00%(upstream:short)%00%(objectname)%00%(upstream:track)%00%(upstream:remotename)%00%(upstream:remoteref) refs/heads/main refs/remotes/main [1ms]
[2022-05-22T15:27:46.586Z] > git for-each-ref --sort -committerdate --format %(refname) %(objectname) %(*objectname) [4ms]
[2022-05-22T15:27:46.587Z] > git remote --verbose [1ms]
[2022-05-22T15:27:46.593Z] > git config --get commit.template [1ms]
[2022-05-22T15:28:12.867Z] > git status -z -uall [2ms]
[2022-05-22T15:28:12.872Z] > git symbolic-ref --short HEAD [1ms]
[2022-05-22T15:28:12.877Z] > git for-each-ref --format=%(refname)%00%(upstream:short)%00%(objectname)%00%(upstream:track)%00%(upstream:remotename)%00%(upstream:remoteref) refs/heads/main refs/remotes/main [1ms]
[2022-05-22T15:28:12.885Z] > git for-each-ref --sort -committerdate --format %(refname) %(objectname) %(*objectname) [4ms]
[2022-05-22T15:28:12.886Z] > git remote --verbose [1ms]
[2022-05-22T15:28:12.892Z] > git config --get commit.template [1ms]
[2022-05-22T15:28:17.900Z] > git status -z -uall [2ms]
[2022-05-22T15:28:17.905Z] > git symbolic-ref --short HEAD [1ms]
[2022-05-22T15:28:17.910Z] > git for-each-ref --format=%(refname)%00%(upstream:short)%00%(objectname)%00%(upstream:track)%00%(upstream:remotename)%00%(upstream:remoteref) refs/heads/main refs/remotes/main [1ms]
[2022-05-22T15:28:17.920Z] > git for-each-ref --sort -committerdate --format %(refname) %(objectname) %(*objectname) [5ms]
[2022-05-22T15:28:17.920Z] > git remote --verbose [1ms]
[2022-05-22T15:28:17.926Z] > git config --get commit.template [1ms]
[2022-05-22T15:28:22.934Z] > git status -z -uall [2ms]
[2022-05-22T15:28:22.939Z] > git symbolic-ref --short HEAD [1ms]
[2022-05-22T15:28:22.945Z] > git for-each-ref --format=%(refname)%00%(upstream:short)%00%(objectname)%00%(upstream:track)%00%(upstream:remotename)%00%(upstream:remoteref) refs/heads/main refs/remotes/main [1ms]
[2022-05-22T15:28:22.954Z] > git for-each-ref --sort -committerdate --format %(refname) %(objectname) %(*objectname) [6ms]
[2022-05-22T15:28:22.954Z] > git remote --verbose [2ms]
[2022-05-22T15:28:22.960Z] > git config --get commit.template [1ms]
[2022-05-22T15:31:01.488Z] > git status -z -uall [2ms]
[2022-05-22T15:31:01.493Z] > git symbolic-ref --short HEAD [1ms]
[2022-05-22T15:31:01.499Z] > git for-each-ref --format=%(refname)%00%(upstream:short)%00%(objectname)%00%(upstream:track)%00%(upstream:remotename)%00%(upstream:remoteref) refs/heads/main refs/remotes/main [2ms]
[2022-05-22T15:31:01.507Z] > git for-each-ref --sort -committerdate --format %(refname) %(objectname) %(*objectname) [5ms]
[2022-05-22T15:31:01.507Z] > git remote --verbose [1ms]
[2022-05-22T15:31:01.513Z] > git config --get commit.template [1ms]
[2022-05-22T15:31:06.521Z] > git status -z -uall [2ms]
[2022-05-22T15:31:06.526Z] > git symbolic-ref --short HEAD [1ms]
[2022-05-22T15:31:06.531Z] > git for-each-ref --format=%(refname)%00%(upstream:short)%00%(objectname)%00%(upstream:track)%00%(upstream:remotename)%00%(upstream:remoteref) refs/heads/main refs/remotes/main [1ms]
[2022-05-22T15:31:06.539Z] > git for-each-ref --sort -committerdate --format %(refname) %(objectname) %(*objectname) [4ms]
[2022-05-22T15:31:06.540Z] > git remote --verbose [2ms]
[2022-05-22T15:31:06.546Z] > git config --get commit.template [1ms]
[2022-05-22T15:31:11.555Z] > git status -z -uall [2ms]
[2022-05-22T15:31:11.561Z] > git symbolic-ref --short HEAD [2ms]
[2022-05-22T15:31:11.566Z] > git for-each-ref --format=%(refname)%00%(upstream:short)%00%(objectname)%00%(upstream:track)%00%(upstream:remotename)%00%(upstream:remoteref) refs/heads/main refs/remotes/main [2ms]
[2022-05-22T15:31:11.574Z] > git for-each-ref --sort -committerdate --format %(refname) %(objectname) %(*objectname) [4ms]
[2022-05-22T15:31:11.575Z] > git remote --verbose [1ms]
[2022-05-22T15:31:11.582Z] > git config --get commit.template [1ms]
[2022-05-22T15:31:16.591Z] > git status -z -uall [2ms]
[2022-05-22T15:31:16.597Z] > git symbolic-ref --short HEAD [2ms]
[2022-05-22T15:31:16.602Z] > git for-each-ref --format=%(refname)%00%(upstream:short)%00%(objectname)%00%(upstream:track)%00%(upstream:remotename)%00%(upstream:remoteref) refs/heads/main refs/remotes/main [1ms]
[2022-05-22T15:31:16.611Z] > git for-each-ref --sort -committerdate --format %(refname) %(objectname) %(*objectname) [5ms]
[2022-05-22T15:31:16.611Z] > git remote --verbose [2ms]
[2022-05-22T15:31:16.618Z] > git config --get commit.template [1ms]
[2022-05-22T15:31:21.626Z] > git status -z -uall [2ms]
[2022-05-22T15:31:21.631Z] > git symbolic-ref --short HEAD [1ms]
[2022-05-22T15:31:21.637Z] > git for-each-ref --format=%(refname)%00%(upstream:short)%00%(objectname)%00%(upstream:track)%00%(upstream:remotename)%00%(upstream:remoteref) refs/heads/main refs/remotes/main [2ms]
[2022-05-22T15:31:21.646Z] > git for-each-ref --sort -committerdate --format %(refname) %(objectname) %(*objectname) [6ms]
[2022-05-22T15:31:21.646Z] > git remote --verbose [2ms]
[2022-05-22T15:31:21.652Z] > git config --get commit.template [1ms]
[2022-05-22T15:31:26.661Z] > git status -z -uall [2ms]
[2022-05-22T15:31:26.666Z] > git symbolic-ref --short HEAD [1ms]
[2022-05-22T15:31:26.672Z] > git for-each-ref --format=%(refname)%00%(upstream:short)%00%(objectname)%00%(upstream:track)%00%(upstream:remotename)%00%(upstream:remoteref) refs/heads/main refs/remotes/main [2ms]
[2022-05-22T15:31:26.680Z] > git for-each-ref --sort -committerdate --format %(refname) %(objectname) %(*objectname) [4ms]
[2022-05-22T15:31:26.681Z] > git remote --verbose [2ms]
[2022-05-22T15:31:26.687Z] > git config --get commit.template [1ms]
[2022-05-22T15:31:34.563Z] > git status -z -uall [2ms]
[2022-05-22T15:31:34.569Z] > git symbolic-ref --short HEAD [2ms]
[2022-05-22T15:31:34.574Z] > git for-each-ref --format=%(refname)%00%(upstream:short)%00%(objectname)%00%(upstream:track)%00%(upstream:remotename)%00%(upstream:remoteref) refs/heads/main refs/remotes/main [2ms]
[2022-05-22T15:31:34.582Z] > git for-each-ref --sort -committerdate --format %(refname) %(objectname) %(*objectname) [5ms]
[2022-05-22T15:31:34.582Z] > git remote --verbose [1ms]
[2022-05-22T15:31:34.588Z] > git config --get commit.template [1ms]
[2022-05-22T15:31:39.902Z] > git status -z -uall [2ms]
[2022-05-22T15:31:39.907Z] > git symbolic-ref --short HEAD [1ms]
[2022-05-22T15:31:39.912Z] > git for-each-ref --format=%(refname)%00%(upstream:short)%00%(objectname)%00%(upstream:track)%00%(upstream:remotename)%00%(upstream:remoteref) refs/heads/main refs/remotes/main [1ms]
[2022-05-22T15:31:39.920Z] > git for-each-ref --sort -committerdate --format %(refname) %(objectname) %(*objectname) [4ms]
[2022-05-22T15:31:39.921Z] > git remote --verbose [1ms]
[2022-05-22T15:31:39.927Z] > git config --get commit.template [1ms]
[2022-05-22T15:31:52.603Z] > git status -z -uall [2ms]
[2022-05-22T15:31:52.608Z] > git symbolic-ref --short HEAD [1ms]
[2022-05-22T15:31:52.613Z] > git for-each-ref --format=%(refname)%00%(upstream:short)%00%(objectname)%00%(upstream:track)%00%(upstream:remotename)%00%(upstream:remoteref) refs/heads/main refs/remotes/main [1ms]
[2022-05-22T15:31:52.621Z] > git for-each-ref --sort -committerdate --format %(refname) %(objectname) %(*objectname) [4ms]
[2022-05-22T15:31:52.622Z] > git remote --verbose [1ms]
[2022-05-22T15:31:52.628Z] > git config --get commit.template [1ms]
[2022-05-22T15:31:57.637Z] > git status -z -uall [2ms]
[2022-05-22T15:31:57.642Z] > git symbolic-ref --short HEAD [2ms]
[2022-05-22T15:31:57.647Z] > git for-each-ref --format=%(refname)%00%(upstream:short)%00%(objectname)%00%(upstream:track)%00%(upstream:remotename)%00%(upstream:remoteref) refs/heads/main refs/remotes/main [2ms]
[2022-05-22T15:31:57.656Z] > git for-each-ref --sort -committerdate --format %(refname) %(objectname) %(*objectname) [5ms]
[2022-05-22T15:31:57.656Z] > git remote --verbose [2ms]
[2022-05-22T15:31:57.662Z] > git config --get commit.template [1ms]
[2022-05-22T15:32:02.672Z] > git status -z -uall [2ms]
[2022-05-22T15:32:02.678Z] > git symbolic-ref --short HEAD [1ms]
[2022-05-22T15:32:02.683Z] > git for-each-ref --format=%(refname)%00%(upstream:short)%00%(objectname)%00%(upstream:track)%00%(upstream:remotename)%00%(upstream:remoteref) refs/heads/main refs/remotes/main [1ms]
[2022-05-22T15:32:02.691Z] > git for-each-ref --sort -committerdate --format %(refname) %(objectname) %(*objectname) [4ms]
[2022-05-22T15:32:02.692Z] > git remote --verbose [1ms]
[2022-05-22T15:32:02.698Z] > git config --get commit.template [1ms]
[2022-05-22T15:32:07.706Z] > git status -z -uall [2ms]
[2022-05-22T15:32:07.711Z] > git symbolic-ref --short HEAD [1ms]
[2022-05-22T15:32:07.716Z] > git for-each-ref --format=%(refname)%00%(upstream:short)%00%(objectname)%00%(upstream:track)%00%(upstream:remotename)%00%(upstream:remoteref) refs/heads/main refs/remotes/main [1ms]
[2022-05-22T15:32:07.724Z] > git for-each-ref --sort -committerdate --format %(refname) %(objectname) %(*objectname) [4ms]
[2022-05-22T15:32:07.725Z] > git remote --verbose [1ms]
[2022-05-22T15:32:07.731Z] > git config --get commit.template [1ms]
[2022-05-22T15:32:12.739Z] > git status -z -uall [2ms]
[2022-05-22T15:32:12.745Z] > git symbolic-ref --short HEAD [2ms]
[2022-05-22T15:32:12.750Z] > git for-each-ref --format=%(refname)%00%(upstream:short)%00%(objectname)%00%(upstream:track)%00%(upstream:remotename)%00%(upstream:remoteref) refs/heads/main refs/remotes/main [1ms]
[2022-05-22T15:32:12.758Z] > git for-each-ref --sort -committerdate --format %(refname) %(objectname) %(*objectname) [4ms]
[2022-05-22T15:32:12.759Z] > git remote --verbose [1ms]
[2022-05-22T15:32:12.765Z] > git config --get commit.template [1ms]
[2022-05-22T15:32:17.774Z] > git status -z -uall [2ms]
[2022-05-22T15:32:17.782Z] > git symbolic-ref --short HEAD [1ms]
[2022-05-22T15:32:17.787Z] > git for-each-ref --format=%(refname)%00%(upstream:short)%00%(objectname)%00%(upstream:track)%00%(upstream:remotename)%00%(upstream:remoteref) refs/heads/main refs/remotes/main [1ms]
[2022-05-22T15:32:17.796Z] > git for-each-ref --sort -committerdate --format %(refname) %(objectname) %(*objectname) [5ms]
[2022-05-22T15:32:17.796Z] > git remote --verbose [1ms]
[2022-05-22T15:32:17.804Z] > git config --get commit.template [2ms]
[2022-05-22T15:32:22.812Z] > git status -z -uall [2ms]
[2022-05-22T15:32:22.818Z] > git symbolic-ref --short HEAD [2ms]
[2022-05-22T15:32:22.823Z] > git for-each-ref --format=%(refname)%00%(upstream:short)%00%(objectname)%00%(upstream:track)%00%(upstream:remotename)%00%(upstream:remoteref) refs/heads/main refs/remotes/main [2ms]
[2022-05-22T15:32:22.831Z] > git for-each-ref --sort -committerdate --format %(refname) %(objectname) %(*objectname) [4ms]
[2022-05-22T15:32:22.832Z] > git remote --verbose [2ms]
[2022-05-22T15:32:22.838Z] > git config --get commit.template [1ms]
[2022-05-22T15:32:29.988Z] > git status -z -uall [3ms]
[2022-05-22T15:32:29.993Z] > git symbolic-ref --short HEAD [1ms]
[2022-05-22T15:32:29.999Z] > git for-each-ref --format=%(refname)%00%(upstream:short)%00%(objectname)%00%(upstream:track)%00%(upstream:remotename)%00%(upstream:remoteref) refs/heads/main refs/remotes/main [1ms]
[2022-05-22T15:32:30.007Z] > git for-each-ref --sort -committerdate --format %(refname) %(objectname) %(*objectname) [4ms]
[2022-05-22T15:32:30.008Z] > git remote --verbose [1ms]
[2022-05-22T15:32:30.015Z] > git config --get commit.template [2ms]
[2022-05-22T15:34:59.787Z] > git status -z -uall [2ms]
[2022-05-22T15:34:59.792Z] > git symbolic-ref --short HEAD [1ms]
[2022-05-22T15:34:59.797Z] > git for-each-ref --format=%(refname)%00%(upstream:short)%00%(objectname)%00%(upstream:track)%00%(upstream:remotename)%00%(upstream:remoteref) refs/heads/main refs/remotes/main [1ms]
[2022-05-22T15:34:59.807Z] > git for-each-ref --sort -committerdate --format %(refname) %(objectname) %(*objectname) [6ms]
[2022-05-22T15:34:59.808Z] > git remote --verbose [2ms]
[2022-05-22T15:34:59.814Z] > git config --get commit.template [1ms]
[2022-05-22T15:35:04.823Z] > git status -z -uall [2ms]
[2022-05-22T15:35:04.828Z] > git symbolic-ref --short HEAD [1ms]
[2022-05-22T15:35:04.833Z] > git for-each-ref --format=%(refname)%00%(upstream:short)%00%(objectname)%00%(upstream:track)%00%(upstream:remotename)%00%(upstream:remoteref) refs/heads/main refs/remotes/main [1ms]
[2022-05-22T15:35:04.841Z] > git for-each-ref --sort -committerdate --format %(refname) %(objectname) %(*objectname) [4ms]
[2022-05-22T15:35:04.842Z] > git remote --verbose [2ms]
[2022-05-22T15:35:04.849Z] > git config --get commit.template [2ms]
[2022-05-22T15:35:12.088Z] > git status -z -uall [2ms]
[2022-05-22T15:35:12.094Z] > git symbolic-ref --short HEAD [0ms]
[2022-05-22T15:35:12.101Z] > git for-each-ref --format=%(refname)%00%(upstream:short)%00%(objectname)%00%(upstream:track)%00%(upstream:remotename)%00%(upstream:remoteref) refs/heads/main refs/remotes/main [2ms]
[2022-05-22T15:35:12.111Z] > git for-each-ref --sort -committerdate --format %(refname) %(objectname) %(*objectname) [5ms]
[2022-05-22T15:35:12.111Z] > git remote --verbose [1ms]
[2022-05-22T15:35:12.118Z] > git config --get commit.template [1ms]
[2022-05-22T15:35:25.823Z] > git status -z -uall [2ms]
[2022-05-22T15:35:25.828Z] > git symbolic-ref --short HEAD [1ms]
[2022-05-22T15:35:25.835Z] > git for-each-ref --format=%(refname)%00%(upstream:short)%00%(objectname)%00%(upstream:track)%00%(upstream:remotename)%00%(upstream:remoteref) refs/heads/main refs/remotes/main [3ms]
[2022-05-22T15:35:25.843Z] > git for-each-ref --sort -committerdate --format %(refname) %(objectname) %(*objectname) [5ms]
[2022-05-22T15:35:25.843Z] > git remote --verbose [1ms]
[2022-05-22T15:35:25.850Z] > git config --get commit.template [2ms]
[2022-05-22T15:35:31.083Z] > git status -z -uall [2ms]
[2022-05-22T15:35:31.088Z] > git symbolic-ref --short HEAD [1ms]
[2022-05-22T15:35:31.093Z] > git for-each-ref --format=%(refname)%00%(upstream:short)%00%(objectname)%00%(upstream:track)%00%(upstream:remotename)%00%(upstream:remoteref) refs/heads/main refs/remotes/main [1ms]
[2022-05-22T15:35:31.102Z] > git for-each-ref --sort -committerdate --format %(refname) %(objectname) %(*objectname) [5ms]
[2022-05-22T15:35:31.102Z] > git remote --verbose [1ms]
[2022-05-22T15:35:31.109Z] > git config --get commit.template [2ms]
[2022-05-22T15:35:36.116Z] > git status -z -uall [2ms]
[2022-05-22T15:35:36.121Z] > git symbolic-ref --short HEAD [1ms]
[2022-05-22T15:35:36.126Z] > git for-each-ref --format=%(refname)%00%(upstream:short)%00%(objectname)%00%(upstream:track)%00%(upstream:remotename)%00%(upstream:remoteref) refs/heads/main refs/remotes/main [1ms]
[2022-05-22T15:35:36.134Z] > git for-each-ref --sort -committerdate --format %(refname) %(objectname) %(*objectname) [4ms]
[2022-05-22T15:35:36.135Z] > git remote --verbose [2ms]
[2022-05-22T15:35:36.142Z] > git config --get commit.template [2ms]
[2022-05-22T15:35:41.150Z] > git status -z -uall [2ms]
[2022-05-22T15:35:41.156Z] > git symbolic-ref --short HEAD [2ms]
[2022-05-22T15:35:41.161Z] > git for-each-ref --format=%(refname)%00%(upstream:short)%00%(objectname)%00%(upstream:track)%00%(upstream:remotename)%00%(upstream:remoteref) refs/heads/main refs/remotes/main [2ms]
[2022-05-22T15:35:41.170Z] > git for-each-ref --sort -committerdate --format %(refname) %(objectname) %(*objectname) [6ms]
[2022-05-22T15:35:41.170Z] > git remote --verbose [2ms]
[2022-05-22T15:35:41.176Z] > git config --get commit.template [1ms]
[2022-05-22T15:37:28.052Z] > git status -z -uall [2ms]
[2022-05-22T15:37:28.057Z] > git symbolic-ref --short HEAD [1ms]
[2022-05-22T15:37:28.063Z] > git for-each-ref --format=%(refname)%00%(upstream:short)%00%(objectname)%00%(upstream:track)%00%(upstream:remotename)%00%(upstream:remoteref) refs/heads/main refs/remotes/main [1ms]
[2022-05-22T15:37:28.071Z] > git for-each-ref --sort -committerdate --format %(refname) %(objectname) %(*objectname) [4ms]
[2022-05-22T15:37:28.071Z] > git remote --verbose [1ms]
[2022-05-22T15:37:28.079Z] > git config --get commit.template [1ms]
[2022-05-22T15:37:53.601Z] > git status -z -uall [2ms]
[2022-05-22T15:37:53.606Z] > git symbolic-ref --short HEAD [1ms]
[2022-05-22T15:37:53.611Z] > git for-each-ref --format=%(refname)%00%(upstream:short)%00%(objectname)%00%(upstream:track)%00%(upstream:remotename)%00%(upstream:remoteref) refs/heads/main refs/remotes/main [1ms]
[2022-05-22T15:37:53.619Z] > git for-each-ref --sort -committerdate --format %(refname) %(objectname) %(*objectname) [4ms]
[2022-05-22T15:37:53.619Z] > git remote --verbose [1ms]
[2022-05-22T15:37:53.625Z] > git config --get commit.template [1ms]
[2022-05-22T15:37:58.633Z] > git status -z -uall [2ms]
[2022-05-22T15:37:58.639Z] > git symbolic-ref --short HEAD [2ms]
[2022-05-22T15:37:58.644Z] > git for-each-ref --format=%(refname)%00%(upstream:short)%00%(objectname)%00%(upstream:track)%00%(upstream:remotename)%00%(upstream:remoteref) refs/heads/main refs/remotes/main [0ms]
[2022-05-22T15:37:58.652Z] > git for-each-ref --sort -committerdate --format %(refname) %(objectname) %(*objectname) [4ms]
[2022-05-22T15:37:58.653Z] > git remote --verbose [1ms]
[2022-05-22T15:37:58.661Z] > git config --get commit.template [1ms]
[2022-05-22T15:38:06.678Z] > git status -z -uall [2ms]
[2022-05-22T15:38:06.683Z] > git symbolic-ref --short HEAD [2ms]
[2022-05-22T15:38:06.688Z] > git for-each-ref --format=%(refname)%00%(upstream:short)%00%(objectname)%00%(upstream:track)%00%(upstream:remotename)%00%(upstream:remoteref) refs/heads/main refs/remotes/main [2ms]
[2022-05-22T15:38:06.695Z] > git for-each-ref --sort -committerdate --format %(refname) %(objectname) %(*objectname) [4ms]
[2022-05-22T15:38:06.696Z] > git remote --verbose [2ms]
[2022-05-22T15:38:06.702Z] > git config --get commit.template [2ms]
[2022-05-22T15:38:26.917Z] > git status -z -uall [2ms]
[2022-05-22T15:38:26.922Z] > git symbolic-ref --short HEAD [2ms]
[2022-05-22T15:38:26.927Z] > git for-each-ref --format=%(refname)%00%(upstream:short)%00%(objectname)%00%(upstream:track)%00%(upstream:remotename)%00%(upstream:remoteref) refs/heads/main refs/remotes/main [2ms]
[2022-05-22T15:38:26.935Z] > git for-each-ref --sort -committerdate --format %(refname) %(objectname) %(*objectname) [4ms]
[2022-05-22T15:38:26.936Z] > git remote --verbose [2ms]
[2022-05-22T15:38:26.942Z] > git config --get commit.template [1ms]
[2022-05-22T15:38:31.950Z] > git status -z -uall [2ms]
[2022-05-22T15:38:31.955Z] > git symbolic-ref --short HEAD [2ms]
[2022-05-22T15:38:31.960Z] > git for-each-ref --format=%(refname)%00%(upstream:short)%00%(objectname)%00%(upstream:track)%00%(upstream:remotename)%00%(upstream:remoteref) refs/heads/main refs/remotes/main [2ms]
[2022-05-22T15:38:31.967Z] > git for-each-ref --sort -committerdate --format %(refname) %(objectname) %(*objectname) [4ms]
[2022-05-22T15:38:31.968Z] > git remote --verbose [2ms]
[2022-05-22T15:38:31.975Z] > git config --get commit.template [2ms]
[2022-05-22T15:38:40.442Z] > git status -z -uall [2ms]
[2022-05-22T15:38:40.448Z] > git symbolic-ref --short HEAD [1ms]
[2022-05-22T15:38:40.454Z] > git for-each-ref --format=%(refname)%00%(upstream:short)%00%(objectname)%00%(upstream:track)%00%(upstream:remotename)%00%(upstream:remoteref) refs/heads/main refs/remotes/main [2ms]
[2022-05-22T15:38:40.461Z] > git for-each-ref --sort -committerdate --format %(refname) %(objectname) %(*objectname) [4ms]
[2022-05-22T15:38:40.462Z] > git remote --verbose [2ms]
[2022-05-22T15:38:40.470Z] > git config --get commit.template [1ms]
[2022-05-22T15:39:13.478Z] > git status -z -uall [0ms]
[2022-05-22T15:39:13.484Z] > git symbolic-ref --short HEAD [1ms]
[2022-05-22T15:39:13.492Z] > git for-each-ref --format=%(refname)%00%(upstream:short)%00%(objectname)%00%(upstream:track)%00%(upstream:remotename)%00%(upstream:remoteref) refs/heads/main refs/remotes/main [2ms]
[2022-05-22T15:39:13.502Z] > git for-each-ref --sort -committerdate --format %(refname) %(objectname) %(*objectname) [5ms]
[2022-05-22T15:39:13.502Z] > git remote --verbose [1ms]
[2022-05-22T15:39:13.509Z] > git config --get commit.template [1ms]
[2022-05-22T15:39:24.042Z] > git status -z -uall [2ms]
[2022-05-22T15:39:24.047Z] > git symbolic-ref --short HEAD [1ms]
[2022-05-22T15:39:24.052Z] > git for-each-ref --format=%(refname)%00%(upstream:short)%00%(objectname)%00%(upstream:track)%00%(upstream:remotename)%00%(upstream:remoteref) refs/heads/main refs/remotes/main [1ms]
[2022-05-22T15:39:24.060Z] > git for-each-ref --sort -committerdate --format %(refname) %(objectname) %(*objectname) [4ms]
[2022-05-22T15:39:24.062Z] > git remote --verbose [3ms]
[2022-05-22T15:39:24.068Z] > git config --get commit.template [1ms]
[2022-05-22T15:39:29.075Z] > git status -z -uall [2ms]
[2022-05-22T15:39:29.081Z] > git symbolic-ref --short HEAD [2ms]
[2022-05-22T15:39:29.086Z] > git for-each-ref --format=%(refname)%00%(upstream:short)%00%(objectname)%00%(upstream:track)%00%(upstream:remotename)%00%(upstream:remoteref) refs/heads/main refs/remotes/main [2ms]
[2022-05-22T15:39:29.096Z] > git for-each-ref --sort -committerdate --format %(refname) %(objectname) %(*objectname) [6ms]
[2022-05-22T15:39:29.096Z] > git remote --verbose [1ms]
[2022-05-22T15:39:29.103Z] > git config --get commit.template [1ms]
[2022-05-22T15:39:53.158Z] > git status -z -uall [2ms]
[2022-05-22T15:39:53.163Z] > git symbolic-ref --short HEAD [1ms]
[2022-05-22T15:39:53.169Z] > git for-each-ref --format=%(refname)%00%(upstream:short)%00%(objectname)%00%(upstream:track)%00%(upstream:remotename)%00%(upstream:remoteref) refs/heads/main refs/remotes/main [2ms]
[2022-05-22T15:39:53.176Z] > git for-each-ref --sort -committerdate --format %(refname) %(objectname) %(*objectname) [4ms]
[2022-05-22T15:39:53.177Z] > git remote --verbose [2ms]
[2022-05-22T15:39:53.183Z] > git config --get commit.template [2ms]
[2022-05-22T15:41:03.013Z] > git status -z -uall [2ms]
[2022-05-22T15:41:03.018Z] > git symbolic-ref --short HEAD [1ms]
[2022-05-22T15:41:03.023Z] > git for-each-ref --format=%(refname)%00%(upstream:short)%00%(objectname)%00%(upstream:track)%00%(upstream:remotename)%00%(upstream:remoteref) refs/heads/main refs/remotes/main [1ms]
[2022-05-22T15:41:03.031Z] > git for-each-ref --sort -committerdate --format %(refname) %(objectname) %(*objectname) [4ms]
[2022-05-22T15:41:03.032Z] > git remote --verbose [1ms]
[2022-05-22T15:41:03.038Z] > git config --get commit.template [1ms]
[2022-05-22T15:41:08.046Z] > git status -z -uall [2ms]
[2022-05-22T15:41:08.051Z] > git symbolic-ref --short HEAD [1ms]
[2022-05-22T15:41:08.057Z] > git for-each-ref --format=%(refname)%00%(upstream:short)%00%(objectname)%00%(upstream:track)%00%(upstream:remotename)%00%(upstream:remoteref) refs/heads/main refs/remotes/main [2ms]
[2022-05-22T15:41:08.065Z] > git remote --verbose [1ms]
[2022-05-22T15:41:08.066Z] > git for-each-ref --sort -committerdate --format %(refname) %(objectname) %(*objectname) [6ms]
[2022-05-22T15:41:08.072Z] > git config --get commit.template [2ms]
[2022-05-22T15:41:13.080Z] > git status -z -uall [2ms]
[2022-05-22T15:41:13.086Z] > git symbolic-ref --short HEAD [2ms]
[2022-05-22T15:41:13.091Z] > git for-each-ref --format=%(refname)%00%(upstream:short)%00%(objectname)%00%(upstream:track)%00%(upstream:remotename)%00%(upstream:remoteref) refs/heads/main refs/remotes/main [2ms]
[2022-05-22T15:41:13.099Z] > git for-each-ref --sort -committerdate --format %(refname) %(objectname) %(*objectname) [4ms]
[2022-05-22T15:41:13.099Z] > git remote --verbose [1ms]
[2022-05-22T15:41:13.105Z] > git config --get commit.template [1ms]
[2022-05-22T15:41:18.114Z] > git status -z -uall [2ms]
[2022-05-22T15:41:18.119Z] > git symbolic-ref --short HEAD [1ms]
[2022-05-22T15:41:18.124Z] > git for-each-ref --format=%(refname)%00%(upstream:short)%00%(objectname)%00%(upstream:track)%00%(upstream:remotename)%00%(upstream:remoteref) refs/heads/main refs/remotes/main [1ms]
[2022-05-22T15:41:18.132Z] > git for-each-ref --sort -committerdate --format %(refname) %(objectname) %(*objectname) [4ms]
[2022-05-22T15:41:18.132Z] > git remote --verbose [1ms]
[2022-05-22T15:41:18.139Z] > git config --get commit.template [2ms]
[2022-05-22T15:41:23.148Z] > git status -z -uall [3ms]
[2022-05-22T15:41:23.153Z] > git symbolic-ref --short HEAD [1ms]
[2022-05-22T15:41:23.158Z] > git for-each-ref --format=%(refname)%00%(upstream:short)%00%(objectname)%00%(upstream:track)%00%(upstream:remotename)%00%(upstream:remoteref) refs/heads/main refs/remotes/main [1ms]
[2022-05-22T15:41:23.166Z] > git for-each-ref --sort -committerdate --format %(refname) %(objectname) %(*objectname) [4ms]
[2022-05-22T15:41:23.167Z] > git remote --verbose [2ms]
[2022-05-22T15:41:23.173Z] > git config --get commit.template [1ms]
[2022-05-22T15:41:28.181Z] > git status -z -uall [2ms]
[2022-05-22T15:41:28.186Z] > git symbolic-ref --short HEAD [1ms]
[2022-05-22T15:41:28.191Z] > git for-each-ref --format=%(refname)%00%(upstream:short)%00%(objectname)%00%(upstream:track)%00%(upstream:remotename)%00%(upstream:remoteref) refs/heads/main refs/remotes/main [1ms]
[2022-05-22T15:41:28.199Z] > git for-each-ref --sort -committerdate --format %(refname) %(objectname) %(*objectname) [4ms]
[2022-05-22T15:41:28.200Z] > git remote --verbose [2ms]
[2022-05-22T15:41:28.207Z] > git config --get commit.template [2ms]
[2022-05-22T15:41:33.215Z] > git status -z -uall [2ms]
[2022-05-22T15:41:33.221Z] > git symbolic-ref --short HEAD [2ms]
[2022-05-22T15:41:33.226Z] > git for-each-ref --format=%(refname)%00%(upstream:short)%00%(objectname)%00%(upstream:track)%00%(upstream:remotename)%00%(upstream:remoteref) refs/heads/main refs/remotes/main [2ms]
[2022-05-22T15:41:33.234Z] > git for-each-ref --sort -committerdate --format %(refname) %(objectname) %(*objectname) [4ms]
[2022-05-22T15:41:33.235Z] > git remote --verbose [1ms]
[2022-05-22T15:41:33.241Z] > git config --get commit.template [1ms]
[2022-05-22T15:41:38.249Z] > git status -z -uall [2ms]
[2022-05-22T15:41:38.255Z] > git symbolic-ref --short HEAD [2ms]
[2022-05-22T15:41:38.262Z] > git for-each-ref --format=%(refname)%00%(upstream:short)%00%(objectname)%00%(upstream:track)%00%(upstream:remotename)%00%(upstream:remoteref) refs/heads/main refs/remotes/main [3ms]
[2022-05-22T15:41:38.270Z] > git for-each-ref --sort -committerdate --format %(refname) %(objectname) %(*objectname) [4ms]
[2022-05-22T15:41:38.271Z] > git remote --verbose [2ms]
[2022-05-22T15:41:38.277Z] > git config --get commit.template [1ms]
[2022-05-22T15:41:43.285Z] > git status -z -uall [2ms]
[2022-05-22T15:41:43.290Z] > git symbolic-ref --short HEAD [1ms]
[2022-05-22T15:41:43.296Z] > git for-each-ref --format=%(refname)%00%(upstream:short)%00%(objectname)%00%(upstream:track)%00%(upstream:remotename)%00%(upstream:remoteref) refs/heads/main refs/remotes/main [2ms]
[2022-05-22T15:41:43.305Z] > git for-each-ref --sort -committerdate --format %(refname) %(objectname) %(*objectname) [5ms]
[2022-05-22T15:41:43.305Z] > git remote --verbose [1ms]
[2022-05-22T15:41:43.311Z] > git config --get commit.template [1ms]
[2022-05-22T15:41:48.320Z] > git status -z -uall [2ms]
[2022-05-22T15:41:48.325Z] > git symbolic-ref --short HEAD [1ms]
[2022-05-22T15:41:48.331Z] > git for-each-ref --format=%(refname)%00%(upstream:short)%00%(objectname)%00%(upstream:track)%00%(upstream:remotename)%00%(upstream:remoteref) refs/heads/main refs/remotes/main [2ms]
[2022-05-22T15:41:48.338Z] > git for-each-ref --sort -committerdate --format %(refname) %(objectname) %(*objectname) [4ms]
[2022-05-22T15:41:48.339Z] > git remote --verbose [1ms]
[2022-05-22T15:41:48.346Z] > git config --get commit.template [1ms]
[2022-05-22T15:42:21.233Z] > git status -z -uall [2ms]
[2022-05-22T15:42:21.238Z] > git symbolic-ref --short HEAD [2ms]
[2022-05-22T15:42:21.243Z] > git for-each-ref --format=%(refname)%00%(upstream:short)%00%(objectname)%00%(upstream:track)%00%(upstream:remotename)%00%(upstream:remoteref) refs/heads/main refs/remotes/main [2ms]
[2022-05-22T15:42:21.250Z] > git for-each-ref --sort -committerdate --format %(refname) %(objectname) %(*objectname) [4ms]
[2022-05-22T15:42:21.251Z] > git remote --verbose [1ms]
[2022-05-22T15:42:21.257Z] > git config --get commit.template [2ms]
[2022-05-22T15:42:26.265Z] > git status -z -uall [2ms]
[2022-05-22T15:42:26.270Z] > git symbolic-ref --short HEAD [1ms]
[2022-05-22T15:42:26.275Z] > git for-each-ref --format=%(refname)%00%(upstream:short)%00%(objectname)%00%(upstream:track)%00%(upstream:remotename)%00%(upstream:remoteref) refs/heads/main refs/remotes/main [0ms]
[2022-05-22T15:42:26.283Z] > git for-each-ref --sort -committerdate --format %(refname) %(objectname) %(*objectname) [4ms]
[2022-05-22T15:42:26.284Z] > git remote --verbose [1ms]
[2022-05-22T15:42:26.293Z] > git config --get commit.template [1ms]
[2022-05-22T15:42:31.302Z] > git status -z -uall [0ms]
[2022-05-22T15:42:31.308Z] > git symbolic-ref --short HEAD [0ms]
[2022-05-22T15:42:31.314Z] > git for-each-ref --format=%(refname)%00%(upstream:short)%00%(objectname)%00%(upstream:track)%00%(upstream:remotename)%00%(upstream:remoteref) refs/heads/main refs/remotes/main [0ms]
[2022-05-22T15:42:31.325Z] > git remote --verbose [1ms]
[2022-05-22T15:42:31.325Z] > git for-each-ref --sort -committerdate --format %(refname) %(objectname) %(*objectname) [6ms]
[2022-05-22T15:42:31.332Z] > git config --get commit.template [0ms]
[2022-05-22T15:42:36.345Z] > git status -z -uall [2ms]
[2022-05-22T15:42:36.351Z] > git symbolic-ref --short HEAD [2ms]
[2022-05-22T15:42:36.356Z] > git for-each-ref --format=%(refname)%00%(upstream:short)%00%(objectname)%00%(upstream:track)%00%(upstream:remotename)%00%(upstream:remoteref) refs/heads/main refs/remotes/main [2ms]
[2022-05-22T15:42:36.364Z] > git for-each-ref --sort -committerdate --format %(refname) %(objectname) %(*objectname) [4ms]
[2022-05-22T15:42:36.364Z] > git remote --verbose [1ms]
[2022-05-22T15:42:36.370Z] > git config --get commit.template [1ms]
[2022-05-22T15:42:41.379Z] > git status -z -uall [2ms]
[2022-05-22T15:42:41.385Z] > git symbolic-ref --short HEAD [1ms]
[2022-05-22T15:42:41.390Z] > git for-each-ref --format=%(refname)%00%(upstream:short)%00%(objectname)%00%(upstream:track)%00%(upstream:remotename)%00%(upstream:remoteref) refs/heads/main refs/remotes/main [1ms]
[2022-05-22T15:42:41.398Z] > git for-each-ref --sort -committerdate --format %(refname) %(objectname) %(*objectname) [4ms]
[2022-05-22T15:42:41.398Z] > git remote --verbose [1ms]
[2022-05-22T15:42:41.405Z] > git config --get commit.template [2ms]
[2022-05-22T15:44:41.082Z] > git status -z -uall [2ms]
[2022-05-22T15:44:41.088Z] > git symbolic-ref --short HEAD [2ms]
[2022-05-22T15:44:41.093Z] > git for-each-ref --format=%(refname)%00%(upstream:short)%00%(objectname)%00%(upstream:track)%00%(upstream:remotename)%00%(upstream:remoteref) refs/heads/main refs/remotes/main [2ms]
[2022-05-22T15:44:41.103Z] > git remote --verbose [1ms]
[2022-05-22T15:44:41.104Z] > git for-each-ref --sort -committerdate --format %(refname) %(objectname) %(*objectname) [7ms]
[2022-05-22T15:44:41.117Z] > git config --get commit.template [3ms]
[2022-05-22T15:44:46.125Z] > git status -z -uall [0ms]
[2022-05-22T15:44:46.132Z] > git symbolic-ref --short HEAD [1ms]
[2022-05-22T15:44:46.137Z] > git for-each-ref --format=%(refname)%00%(upstream:short)%00%(objectname)%00%(upstream:track)%00%(upstream:remotename)%00%(upstream:remoteref) refs/heads/main refs/remotes/main [0ms]
[2022-05-22T15:44:46.146Z] > git for-each-ref --sort -committerdate --format %(refname) %(objectname) %(*objectname) [5ms]
[2022-05-22T15:44:46.147Z] > git remote --verbose [2ms]
[2022-05-22T15:44:46.155Z] > git config --get commit.template [1ms]
[2022-05-22T15:44:51.164Z] > git status -z -uall [2ms]
[2022-05-22T15:44:51.169Z] > git symbolic-ref --short HEAD [1ms]
[2022-05-22T15:44:51.174Z] > git for-each-ref --format=%(refname)%00%(upstream:short)%00%(objectname)%00%(upstream:track)%00%(upstream:remotename)%00%(upstream:remoteref) refs/heads/main refs/remotes/main [1ms]
[2022-05-22T15:44:51.182Z] > git for-each-ref --sort -committerdate --format %(refname) %(objectname) %(*objectname) [4ms]
[2022-05-22T15:44:51.183Z] > git remote --verbose [2ms]
[2022-05-22T15:44:51.189Z] > git config --get commit.template [1ms]
[2022-05-22T15:47:05.042Z] > git status -z -uall [2ms]
[2022-05-22T15:47:05.048Z] > git symbolic-ref --short HEAD [2ms]
[2022-05-22T15:47:05.053Z] > git for-each-ref --format=%(refname)%00%(upstream:short)%00%(objectname)%00%(upstream:track)%00%(upstream:remotename)%00%(upstream:remoteref) refs/heads/main refs/remotes/main [2ms]
[2022-05-22T15:47:05.061Z] > git for-each-ref --sort -committerdate --format %(refname) %(objectname) %(*objectname) [4ms]
[2022-05-22T15:47:05.061Z] > git remote --verbose [1ms]
[2022-05-22T15:47:05.068Z] > git config --get commit.template [2ms]
[2022-05-22T15:47:10.075Z] > git status -z -uall [2ms]
[2022-05-22T15:47:10.081Z] > git symbolic-ref --short HEAD [2ms]
[2022-05-22T15:47:10.086Z] > git for-each-ref --format=%(refname)%00%(upstream:short)%00%(objectname)%00%(upstream:track)%00%(upstream:remotename)%00%(upstream:remoteref) refs/heads/main refs/remotes/main [2ms]
[2022-05-22T15:47:10.094Z] > git for-each-ref --sort -committerdate --format %(refname) %(objectname) %(*objectname) [5ms]
[2022-05-22T15:47:10.094Z] > git remote --verbose [1ms]
[2022-05-22T15:47:10.101Z] > git config --get commit.template [1ms]
[2022-05-22T15:47:15.111Z] > git status -z -uall [2ms]
[2022-05-22T15:47:15.116Z] > git symbolic-ref --short HEAD [1ms]
[2022-05-22T15:47:15.122Z] > git for-each-ref --format=%(refname)%00%(upstream:short)%00%(objectname)%00%(upstream:track)%00%(upstream:remotename)%00%(upstream:remoteref) refs/heads/main refs/remotes/main [2ms]
[2022-05-22T15:47:15.130Z] > git for-each-ref --sort -committerdate --format %(refname) %(objectname) %(*objectname) [4ms]
[2022-05-22T15:47:15.130Z] > git remote --verbose [1ms]
[2022-05-22T15:47:15.136Z] > git config --get commit.template [1ms]
[2022-05-22T15:53:39.387Z] > git status -z -uall [2ms]
[2022-05-22T15:53:39.393Z] > git symbolic-ref --short HEAD [1ms]
[2022-05-22T15:53:39.398Z] > git for-each-ref --format=%(refname)%00%(upstream:short)%00%(objectname)%00%(upstream:track)%00%(upstream:remotename)%00%(upstream:remoteref) refs/heads/main refs/remotes/main [1ms]
[2022-05-22T15:53:39.407Z] > git for-each-ref --sort -committerdate --format %(refname) %(objectname) %(*objectname) [5ms]
[2022-05-22T15:53:39.407Z] > git remote --verbose [2ms]
[2022-05-22T15:53:39.414Z] > git config --get commit.template [2ms]
[2022-05-22T15:53:44.422Z] > git status -z -uall [1ms]
[2022-05-22T15:53:44.427Z] > git symbolic-ref --short HEAD [1ms]
[2022-05-22T15:53:44.433Z] > git for-each-ref --format=%(refname)%00%(upstream:short)%00%(objectname)%00%(upstream:track)%00%(upstream:remotename)%00%(upstream:remoteref) refs/heads/main refs/remotes/main [2ms]
[2022-05-22T15:53:44.441Z] > git for-each-ref --sort -committerdate --format %(refname) %(objectname) %(*objectname) [4ms]
[2022-05-22T15:53:44.441Z] > git remote --verbose [1ms]
[2022-05-22T15:53:44.448Z] > git config --get commit.template [1ms]
[2022-05-22T15:57:46.402Z] > git status -z -uall [2ms]
[2022-05-22T15:57:46.410Z] > git symbolic-ref --short HEAD [4ms]
[2022-05-22T15:57:46.415Z] > git for-each-ref --format=%(refname)%00%(upstream:short)%00%(objectname)%00%(upstream:track)%00%(upstream:remotename)%00%(upstream:remoteref) refs/heads/main refs/remotes/main [1ms]
[2022-05-22T15:57:46.423Z] > git for-each-ref --sort -committerdate --format %(refname) %(objectname) %(*objectname) [4ms]
[2022-05-22T15:57:46.424Z] > git remote --verbose [1ms]
[2022-05-22T15:57:46.430Z] > git config --get commit.template [1ms]
[2022-05-22T15:57:53.538Z] > git status -z -uall [3ms]
[2022-05-22T15:57:53.543Z] > git symbolic-ref --short HEAD [1ms]
[2022-05-22T15:57:53.549Z] > git for-each-ref --format=%(refname)%00%(upstream:short)%00%(objectname)%00%(upstream:track)%00%(upstream:remotename)%00%(upstream:remoteref) refs/heads/main refs/remotes/main [1ms]
[2022-05-22T15:57:53.558Z] > git for-each-ref --sort -committerdate --format %(refname) %(objectname) %(*objectname) [5ms]
[2022-05-22T15:57:53.558Z] > git remote --verbose [1ms]
[2022-05-22T15:57:53.565Z] > git config --get commit.template [1ms]
[2022-05-22T15:57:58.573Z] > git status -z -uall [2ms]
[2022-05-22T15:57:58.579Z] > git symbolic-ref --short HEAD [2ms]
[2022-05-22T15:57:58.584Z] > git for-each-ref --format=%(refname)%00%(upstream:short)%00%(objectname)%00%(upstream:track)%00%(upstream:remotename)%00%(upstream:remoteref) refs/heads/main refs/remotes/main [2ms]
[2022-05-22T15:57:58.592Z] > git for-each-ref --sort -committerdate --format %(refname) %(objectname) %(*objectname) [5ms]
[2022-05-22T15:57:58.592Z] > git remote --verbose [1ms]
[2022-05-22T15:57:58.598Z] > git config --get commit.template [1ms]
[2022-05-22T15:59:57.567Z] > git status -z -uall [2ms]
[2022-05-22T15:59:57.572Z] > git symbolic-ref --short HEAD [1ms]
[2022-05-22T15:59:57.578Z] > git for-each-ref --format=%(refname)%00%(upstream:short)%00%(objectname)%00%(upstream:track)%00%(upstream:remotename)%00%(upstream:remoteref) refs/heads/main refs/remotes/main [2ms]
[2022-05-22T15:59:57.587Z] > git for-each-ref --sort -committerdate --format %(refname) %(objectname) %(*objectname) [5ms]
[2022-05-22T15:59:57.587Z] > git remote --verbose [2ms]
[2022-05-22T15:59:57.594Z] > git config --get commit.template [1ms]
[2022-05-22T16:00:02.603Z] > git status -z -uall [2ms]
[2022-05-22T16:00:02.609Z] > git symbolic-ref --short HEAD [1ms]
[2022-05-22T16:00:02.615Z] > git for-each-ref --format=%(refname)%00%(upstream:short)%00%(objectname)%00%(upstream:track)%00%(upstream:remotename)%00%(upstream:remoteref) refs/heads/main refs/remotes/main [2ms]
[2022-05-22T16:00:02.623Z] > git for-each-ref --sort -committerdate --format %(refname) %(objectname) %(*objectname) [4ms]
[2022-05-22T16:00:02.623Z] > git remote --verbose [1ms]
[2022-05-22T16:00:02.630Z] > git config --get commit.template [1ms]
[2022-05-22T16:29:24.653Z] > git status -z -uall [3ms]
[2022-05-22T16:29:24.658Z] > git symbolic-ref --short HEAD [1ms]
[2022-05-22T16:29:24.663Z] > git for-each-ref --format=%(refname)%00%(upstream:short)%00%(objectname)%00%(upstream:track)%00%(upstream:remotename)%00%(upstream:remoteref) refs/heads/main refs/remotes/main [2ms]
[2022-05-22T16:29:24.671Z] > git for-each-ref --sort -committerdate --format %(refname) %(objectname) %(*objectname) [4ms]
[2022-05-22T16:29:24.672Z] > git remote --verbose [2ms]
[2022-05-22T16:29:24.678Z] > git config --get commit.template [2ms]
[2022-05-22T16:29:24.912Z] > git check-ignore -v -z --stdin [2ms]
[2022-05-22T16:29:59.618Z] > git check-ignore -v -z --stdin [28ms]
[2022-05-22T16:30:00.658Z] > git status -z -uall [35ms]
[2022-05-22T16:30:00.665Z] > git symbolic-ref --short HEAD [1ms]
[2022-05-22T16:30:00.671Z] > git for-each-ref --format=%(refname)%00%(upstream:short)%00%(objectname)%00%(upstream:track)%00%(upstream:remotename)%00%(upstream:remoteref) refs/heads/main refs/remotes/main [2ms]
[2022-05-22T16:30:00.678Z] > git for-each-ref --sort -committerdate --format %(refname) %(objectname) %(*objectname) [4ms]
[2022-05-22T16:30:00.679Z] > git remote --verbose [1ms]
[2022-05-22T16:30:00.769Z] > git config --get commit.template [5ms]
