[2022-05-22T21:35:32.053Z] Validating found git in: git
[2022-05-22T21:35:32.096Z] Using git 2.31.1 from git
[2022-05-22T21:35:32.137Z] > git rev-parse --show-toplevel [31ms]
[2022-05-22T21:35:32.137Z] fatal: not a git repository (or any of the parent directories): .git
[2022-05-22T21:35:32.167Z] > git rev-parse --show-toplevel [22ms]
[2022-05-22T21:35:32.167Z] fatal: not a git repository (or any of the parent directories): .git
[2022-05-22T21:35:32.173Z] > git rev-parse --show-toplevel [2ms]
[2022-05-22T21:35:32.173Z] fatal: not a git repository (or any of the parent directories): .git
[2022-05-22T21:35:32.179Z] > git rev-parse --show-toplevel [2ms]
[2022-05-22T21:35:32.180Z] fatal: not a git repository (or any of the parent directories): .git
[2022-05-22T21:35:32.188Z] > git rev-parse --show-toplevel [5ms]
[2022-05-22T21:35:32.188Z] fatal: not a git repository (or any of the parent directories): .git
[2022-05-22T21:35:32.201Z] > git rev-parse --show-toplevel [9ms]
[2022-05-22T21:35:32.201Z] fatal: not a git repository (or any of the parent directories): .git
[2022-05-22T21:35:32.209Z] > git rev-parse --show-toplevel [2ms]
[2022-05-22T21:35:32.209Z] fatal: not a git repository (or any of the parent directories): .git
[2022-05-22T21:35:32.217Z] > git rev-parse --show-toplevel [4ms]
[2022-05-22T21:35:32.224Z] > git rev-parse --git-dir --git-common-dir [2ms]
[2022-05-22T21:35:32.232Z] Open repository: /home/ec2-user/k8s_lesson2
[2022-05-22T21:35:32.246Z] > git rev-parse --show-toplevel [2ms]
[2022-05-22T21:35:32.246Z] fatal: not a git repository (or any of the parent directories): .git
[2022-05-22T21:35:32.284Z] > git status -z -uall [44ms]
[2022-05-22T21:35:32.297Z] > git symbolic-ref --short HEAD [0ms]
[2022-05-22T21:35:32.305Z] > git for-each-ref --format=%(refname)%00%(upstream:short)%00%(objectname)%00%(upstream:track)%00%(upstream:remotename)%00%(upstream:remoteref) refs/heads/main refs/remotes/main [1ms]
[2022-05-22T21:35:32.336Z] > git for-each-ref --sort -committerdate --format %(refname) %(objectname) %(*objectname) [26ms]
[2022-05-22T21:35:32.338Z] > git remote --verbose [24ms]
[2022-05-22T21:35:32.442Z] > git config --get commit.template [4ms]
[2022-05-22T21:35:34.055Z] > git check-ignore -v -z --stdin [8ms]
[2022-05-22T21:35:34.097Z] > git rev-parse --show-toplevel [3ms]
[2022-05-22T21:35:34.097Z] fatal: not a git repository (or any of the parent directories): .git
[2022-05-22T21:35:34.124Z] > git rev-parse --show-toplevel [3ms]
[2022-05-22T21:35:34.124Z] fatal: not a git repository (or any of the parent directories): .git
[2022-05-22T21:35:34.134Z] > git rev-parse --show-toplevel [4ms]
[2022-05-22T21:35:34.134Z] fatal: not a git repository (or any of the parent directories): .git
[2022-05-22T21:35:34.566Z] > git check-ignore -v -z --stdin [2ms]
[2022-05-22T21:48:48.927Z] > git rev-parse --show-toplevel [1ms]
[2022-05-22T21:48:48.927Z] fatal: not a git repository (or any of the parent directories): .git
[2022-05-22T21:50:47.820Z] > git status -z -uall [2ms]
[2022-05-22T21:50:47.826Z] > git symbolic-ref --short HEAD [2ms]
[2022-05-22T21:50:47.832Z] > git for-each-ref --format=%(refname)%00%(upstream:short)%00%(objectname)%00%(upstream:track)%00%(upstream:remotename)%00%(upstream:remoteref) refs/heads/main refs/remotes/main [2ms]
[2022-05-22T21:50:47.841Z] > git for-each-ref --sort -committerdate --format %(refname) %(objectname) %(*objectname) [5ms]
[2022-05-22T21:50:47.842Z] > git remote --verbose [3ms]
[2022-05-22T21:50:47.887Z] > git config --get commit.template [1ms]
[2022-05-22T21:50:48.370Z] > git show --textconv :lesson3/config-best-practice.yaml [5ms]
[2022-05-22T21:50:48.371Z] > git ls-files --stage -- /home/ec2-user/k8s_lesson2/lesson3/config-best-practice.yaml [2ms]
[2022-05-22T21:55:49.224Z] > git show --textconv :lesson3/config.yaml [5ms]
[2022-05-22T21:55:49.225Z] > git ls-files --stage -- /home/ec2-user/k8s_lesson2/lesson3/config.yaml [2ms]
[2022-05-22T21:55:49.230Z] > git cat-file -s a8d489040540d13f4b8c73cb06de8d8961d75e40 [2ms]
[2022-05-22T22:10:13.201Z] > git rev-parse --show-toplevel [0ms]
[2022-05-22T22:10:13.201Z] fatal: not a git repository (or any of the parent directories): .git
[2022-05-22T22:16:44.682Z] > git rev-parse --show-toplevel [2ms]
[2022-05-22T22:16:44.682Z] fatal: not a git repository (or any of the parent directories): .git
[2022-05-22T22:16:50.338Z] > git rev-parse --show-toplevel [2ms]
[2022-05-22T22:16:50.338Z] fatal: not a git repository (or any of the parent directories): .git
[2022-05-22T22:16:55.008Z] > git rev-parse --show-toplevel [2ms]
[2022-05-22T22:16:55.008Z] fatal: not a git repository (or any of the parent directories): .git
[2022-05-22T22:35:14.229Z] > git rev-parse --show-toplevel [1ms]
[2022-05-22T22:35:14.235Z] > git rev-parse --git-dir --git-common-dir [1ms]
[2022-05-22T22:35:14.240Z] Open repository: /home/ec2-user
[2022-05-22T22:35:14.266Z] > git status -z -uall [20ms]
[2022-05-22T22:35:14.272Z] > git symbolic-ref --short HEAD [1ms]
[2022-05-22T22:35:14.278Z] > git for-each-ref --format=%(refname)%00%(upstream:short)%00%(objectname)%00%(upstream:track)%00%(upstream:remotename)%00%(upstream:remoteref) refs/heads/main refs/remotes/main [2ms]
[2022-05-22T22:35:14.287Z] > git for-each-ref --sort -committerdate --format %(refname) %(objectname) %(*objectname) [5ms]
[2022-05-22T22:35:14.287Z] > git remote --verbose [2ms]
[2022-05-22T22:35:14.332Z] > git config --get commit.template [3ms]
[2022-05-22T22:35:14.973Z] > git check-ignore -v -z --stdin [10ms]
[2022-05-22T22:35:18.068Z] > git status -z -uall [18ms]
[2022-05-22T22:35:18.075Z] > git symbolic-ref --short HEAD [1ms]
[2022-05-22T22:35:18.081Z] > git for-each-ref --format=%(refname)%00%(upstream:short)%00%(objectname)%00%(upstream:track)%00%(upstream:remotename)%00%(upstream:remoteref) refs/heads/main refs/remotes/main [2ms]
[2022-05-22T22:35:18.089Z] > git for-each-ref --sort -committerdate --format %(refname) %(objectname) %(*objectname) [4ms]
[2022-05-22T22:35:18.090Z] > git remote --verbose [1ms]
[2022-05-22T22:35:18.126Z] > git config --get commit.template [1ms]
[2022-05-22T22:35:29.673Z] > git status -z -uall [17ms]
[2022-05-22T22:35:29.679Z] > git symbolic-ref --short HEAD [2ms]
[2022-05-22T22:35:29.685Z] > git for-each-ref --format=%(refname)%00%(upstream:short)%00%(objectname)%00%(upstream:track)%00%(upstream:remotename)%00%(upstream:remoteref) refs/heads/main refs/remotes/main [1ms]
[2022-05-22T22:35:29.696Z] > git remote --verbose [1ms]
[2022-05-22T22:35:29.696Z] > git for-each-ref --sort -committerdate --format %(refname) %(objectname) %(*objectname) [6ms]
[2022-05-22T22:35:29.731Z] > git config --get commit.template [5ms]
[2022-05-22T22:35:34.756Z] > git status -z -uall [16ms]
[2022-05-22T22:35:34.763Z] > git symbolic-ref --short HEAD [1ms]
[2022-05-22T22:35:34.770Z] > git for-each-ref --format=%(refname)%00%(upstream:short)%00%(objectname)%00%(upstream:track)%00%(upstream:remotename)%00%(upstream:remoteref) refs/heads/main refs/remotes/main [1ms]
[2022-05-22T22:35:34.780Z] > git for-each-ref --sort -committerdate --format %(refname) %(objectname) %(*objectname) [5ms]
[2022-05-22T22:35:34.780Z] > git remote --verbose [1ms]
[2022-05-22T22:35:34.812Z] > git config --get commit.template [2ms]
