*
* Visual Studio Code Server
*
* By using the software, you agree to
* the Visual Studio Code Server License Terms (https://aka.ms/vscode-server-license) and
* the Microsoft Privacy Statement (https://privacy.microsoft.com/en-US/privacystatement).
*
Server bound to /run/user/1000/vscode-ssh-remote-server-sock-1653255287
Extension host agent listening on /run/user/1000/vscode-ssh-remote-server-sock-1653255287

[21:34:48] Extension host agent started.
[21:34:49] [<unknown>][4420af63][ManagementConnection] New connection established.
[21:34:49] [<unknown>][58b5049e][ExtensionHostConnection] New connection established.
[21:34:49] [<unknown>][58b5049e][ExtensionHostConnection] <7927> Launched Extension Host Process.
[21:35:11] [<unknown>][4420af63][ManagementConnection] The client has disconnected gracefully, so the connection will be disposed.
[21:35:11] [<unknown>][58b5049e][ExtensionHostConnection] <7927> Extension Host Process exited with code: 0, signal: null.
Last EH closed, waiting before shutting down
[21:35:11] Last EH closed, waiting before shutting down
Got delay-shutdown request while in shutdown timeout, delaying
[21:35:17] Got delay-shutdown request while in shutdown timeout, delaying
Cancelling previous shutdown timeout
[21:35:17] Cancelling previous shutdown timeout
[21:35:18] [<unknown>][850c65e2][ManagementConnection] New connection established.
[21:35:18] [<unknown>][494831ab][ExtensionHostConnection] New connection established.
[21:35:18] [<unknown>][494831ab][ExtensionHostConnection] <8635> Launched Extension Host Process.
New EH opened, aborting shutdown
[21:40:17] New EH opened, aborting shutdown
[21:50:42] [File Watcher (parcel)] Unexpected error: std::bad_alloc (EUNKNOWN) (path: /home/ec2-user)
[21:50:42] [File Watcher (universal)] restarting watcher after error: std::bad_alloc
[22:30:19] [File Watcher (parcel)] Unexpected error: std::bad_alloc (EUNKNOWN) (path: /home/ec2-user)
[22:30:19] [File Watcher (universal)] restarting watcher after error: std::bad_alloc
[22:30:20] [File Watcher (node.js)] Watcher shutdown because watched path got deleted
[node.js fs] readdir with filetypes failed with error:  [Error: EACCES: permission denied, scandir '/home/ec2-user/ec2-user'] {
  errno: -13,
  code: 'EACCES',
  syscall: 'scandir',
  path: '/home/ec2-user/ec2-user'
}
